This file contains any messages produced by compilers while
running configure, to aid debugging if configure makes a mistake.

It was created by configure, which was
generated by GNU Autoconf 2.64.  Invocation command line was

  $ /home/account3/os161/toolbuild/binutils-2.24+os161-2.1/libiberty/configure --cache-file=./config.cache --with-gnu-as --with-gnu-ld --with-system-zlib --nfp --disable-werror --prefix=/home/account3/os161/tools --program-transform-name=s&^&mips-harvard-os161-& --disable-option-checking --build=x86_64-unknown-linux-gnu --host=x86_64-unknown-linux-gnu --target=mips-harvard-os161 --srcdir=.././libiberty

## --------- ##
## Platform. ##
## --------- ##

hostname = COP4610-11-Precision-Tower-5810
uname -m = x86_64
uname -r = 4.8.0-36-generic
uname -s = Linux
uname -v = #36~16.04.1-Ubuntu SMP Sun Feb 5 09:39:57 UTC 2017

/usr/bin/uname -p = unknown
/bin/uname -X     = unknown

/bin/arch              = unknown
/usr/bin/arch -k       = unknown
/usr/convex/getsysinfo = unknown
/usr/bin/hostinfo      = unknown
/bin/machine           = unknown
/usr/bin/oslevel       = unknown
/bin/universe          = unknown

PATH: /home/account3/os161/tools/bin
PATH: /usr/local/sbin
PATH: /usr/local/bin
PATH: /usr/sbin
PATH: /usr/bin
PATH: /sbin
PATH: /bin
PATH: /usr/games
PATH: /usr/local/games
PATH: /snap/bin
PATH: /home/account3/os161/tools/bin


## ----------- ##
## Core tests. ##
## ----------- ##

configure:2215: loading cache ./config.cache
configure:2374: checking whether to enable maintainer-specific portions of Makefiles
configure:2384: result: no
configure:2399: checking for makeinfo
configure:2426: result: /home/account3/os161/toolbuild/binutils-2.24+os161-2.1/missing makeinfo --split-size=5000000
configure:2443: WARNING:
*** Makeinfo is missing. Info documentation will not be built.
configure:2466: checking for perl
configure:2493: result: perl
configure:2512: checking build system type
configure:2526: result: x86_64-unknown-linux-gnu
configure:2546: checking host system type
configure:2559: result: x86_64-unknown-linux-gnu
configure:2584: checking for x86_64-unknown-linux-gnu-ar
configure:2611: result: ar
configure:2676: checking for x86_64-unknown-linux-gnu-ranlib
configure:2703: result: ranlib
configure:2788: checking whether to install libiberty headers and static library
configure:2811: result: no
configure:2813: target_header_dir = 
configure:2825: checking for x86_64-unknown-linux-gnu-gcc
configure:2852: result: gcc
configure:3121: checking for C compiler version
configure:3130: gcc --version >&5
gcc (Ubuntu 5.4.0-6ubuntu1~16.04.4) 5.4.0 20160609
Copyright (C) 2015 Free Software Foundation, Inc.
This is free software; see the source for copying conditions.  There is NO
warranty; not even for MERCHANTABILITY or FITNESS FOR A PARTICULAR PURPOSE.

configure:3141: $? = 0
configure:3130: gcc -v >&5
Using built-in specs.
COLLECT_GCC=gcc
COLLECT_LTO_WRAPPER=/usr/lib/gcc/x86_64-linux-gnu/5/lto-wrapper
Target: x86_64-linux-gnu
Configured with: ../src/configure -v --with-pkgversion='Ubuntu 5.4.0-6ubuntu1~16.04.4' --with-bugurl=file:///usr/share/doc/gcc-5/README.Bugs --enable-languages=c,ada,c++,java,go,d,fortran,objc,obj-c++ --prefix=/usr --program-suffix=-5 --enable-shared --enable-linker-build-id --libexecdir=/usr/lib --without-included-gettext --enable-threads=posix --libdir=/usr/lib --enable-nls --with-sysroot=/ --enable-clocale=gnu --enable-libstdcxx-debug --enable-libstdcxx-time=yes --with-default-libstdcxx-abi=new --enable-gnu-unique-object --disable-vtable-verify --enable-libmpx --enable-plugin --with-system-zlib --disable-browser-plugin --enable-java-awt=gtk --enable-gtk-cairo --with-java-home=/usr/lib/jvm/java-1.5.0-gcj-5-amd64/jre --enable-java-home --with-jvm-root-dir=/usr/lib/jvm/java-1.5.0-gcj-5-amd64 --with-jvm-jar-dir=/usr/lib/jvm-exports/java-1.5.0-gcj-5-amd64 --with-arch-directory=amd64 --with-ecj-jar=/usr/share/java/eclipse-ecj.jar --enable-objc-gc --enable-multiarch --disable-werror --with-arch-32=i686 --with-abi=m64 --with-multilib-list=m32,m64,mx32 --enable-multilib --with-tune=generic --enable-checking=release --build=x86_64-linux-gnu --host=x86_64-linux-gnu --target=x86_64-linux-gnu
Thread model: posix
gcc version 5.4.0 20160609 (Ubuntu 5.4.0-6ubuntu1~16.04.4) 
configure:3141: $? = 0
configure:3130: gcc -V >&5
gcc: error: unrecognized command line option '-V'
gcc: fatal error: no input files
compilation terminated.
configure:3141: $? = 1
configure:3130: gcc -qversion >&5
gcc: error: unrecognized command line option '-qversion'
gcc: fatal error: no input files
compilation terminated.
configure:3141: $? = 1
configure:3157: gcc -o conftest -g -O2  -static-libstdc++ -static-libgcc  conftest.c  >&5
configure:3160: $? = 0
configure:3189: checking for C compiler default output file name
configure:3211: gcc -g -O2  -static-libstdc++ -static-libgcc  conftest.c  >&5
configure:3215: $? = 0
configure:3252: result: a.out
configure:3268: checking whether the C compiler works
configure:3277: ./a.out
configure:3281: $? = 0
configure:3296: result: yes
configure:3303: checking whether we are cross compiling
configure:3305: result: no
configure:3308: checking for suffix of executables
configure:3315: gcc -o conftest -g -O2  -static-libstdc++ -static-libgcc  conftest.c  >&5
configure:3319: $? = 0
configure:3341: result: 
configure:3348: checking for suffix of object files
configure:3395: result: o
configure:3399: checking whether we are using the GNU C compiler
configure:3427: result: yes
configure:3436: checking whether gcc accepts -g
configure:3497: result: yes
configure:3514: checking for gcc option to accept ISO C89
configure:3591: result: none needed
configure:3619: checking for special C compiler options needed for large files
configure:3664: result: no
configure:3670: checking for _FILE_OFFSET_BITS value needed for large files
configure:3727: result: no
configure:3815: checking how to run the C preprocessor
configure:3885: result: gcc -E
configure:3905: gcc -E  conftest.c
configure:3905: $? = 0
configure:3919: gcc -E  conftest.c
conftest.c:9:28: fatal error: ac_nonexistent.h: No such file or directory
compilation terminated.
configure:3919: $? = 1
configure: failed program was:
| /* confdefs.h */
| #define PACKAGE_NAME ""
| #define PACKAGE_TARNAME ""
| #define PACKAGE_VERSION ""
| #define PACKAGE_STRING ""
| #define PACKAGE_BUGREPORT ""
| #define PACKAGE_URL ""
| /* end confdefs.h.  */
| #include <ac_nonexistent.h>
configure:3962: checking whether gcc supports -W
configure:3988: result: yes
configure:3962: checking whether gcc supports -Wall
configure:3988: result: yes
configure:3962: checking whether gcc supports -Wwrite-strings
configure:3988: result: yes
configure:3962: checking whether gcc supports -Wc++-compat
configure:3988: result: yes
configure:3962: checking whether gcc supports -Wstrict-prototypes
configure:3988: result: yes
configure:3999: checking whether gcc supports -pedantic 
configure:4025: result: yes
configure:4035: checking whether gcc and cc understand -c and -o together
configure:4135: result: yes
configure:4154: checking for an ANSI C-conforming const
configure:4226: result: yes
configure:4234: checking for inline
configure:4258: result: inline
configure:4277: checking for grep that handles long lines and -e
configure:4335: result: /bin/grep
configure:4340: checking for egrep
configure:4402: result: /bin/grep -E
configure:4407: checking for ANSI C header files
configure:4511: result: yes
configure:4524: checking for sys/types.h
configure:4524: result: yes
configure:4524: checking for sys/stat.h
configure:4524: result: yes
configure:4524: checking for stdlib.h
configure:4524: result: yes
configure:4524: checking for string.h
configure:4524: result: yes
configure:4524: checking for memory.h
configure:4524: result: yes
configure:4524: checking for strings.h
configure:4524: result: yes
configure:4524: checking for inttypes.h
configure:4524: result: yes
configure:4524: checking for stdint.h
configure:4524: result: yes
configure:4524: checking for unistd.h
configure:4524: result: yes
configure:4535: checking whether byte ordering is bigendian
configure:4741: result: no
configure:4780: checking for a BSD-compatible install
configure:4848: result: /usr/bin/install -c
configure:4998: checking for sys/file.h
configure:4998: result: yes
configure:4998: checking for sys/param.h
configure:4998: result: yes
configure:4998: checking for limits.h
configure:4998: result: yes
configure:4998: checking for stdlib.h
configure:4998: result: yes
configure:4998: checking for malloc.h
configure:4998: result: yes
configure:4998: checking for string.h
configure:4998: result: yes
configure:4998: checking for unistd.h
configure:4998: result: yes
configure:4998: checking for strings.h
configure:4998: result: yes
configure:4998: checking for sys/time.h
configure:4998: result: yes
configure:4998: checking for time.h
configure:4998: result: yes
configure:4998: checking for sys/resource.h
configure:4998: result: yes
configure:4998: checking for sys/stat.h
configure:4998: result: yes
configure:4998: checking for sys/mman.h
configure:4998: result: yes
configure:4998: checking for fcntl.h
configure:4998: result: yes
configure:4998: checking for alloca.h
configure:4998: result: yes
configure:4998: checking for sys/pstat.h
configure:4998: result: no
configure:4998: checking for sys/sysmp.h
configure:4998: result: no
configure:4998: checking for sys/sysinfo.h
configure:4998: result: yes
configure:4998: checking for machine/hal_sysinfo.h
configure:4998: result: no
configure:4998: checking for sys/table.h
configure:4998: result: no
configure:4998: checking for sys/sysctl.h
configure:4998: result: yes
configure:4998: checking for sys/systemcfg.h
configure:4998: result: no
configure:4998: checking for stdint.h
configure:4998: result: yes
configure:4998: checking for stdio_ext.h
configure:4998: result: yes
configure:4998: checking for process.h
configure:4998: result: no
configure:4998: checking for sys/prctl.h
configure:4998: result: yes
configure:5008: checking for sys/wait.h that is POSIX.1 compatible
configure:5041: result: yes
configure:5049: checking whether time.h and sys/time.h may both be included
configure:5076: result: yes
configure:5085: checking whether errno must be declared
configure:5108: result: no
configure:5122: checking size of int
configure:5142: result: 4
configure:5154: checking for a 64-bit type
configure:5222: result: uint64_t
configure:5233: checking for intptr_t
configure:5233: result: yes
configure:5268: checking for uintptr_t
configure:5268: result: yes
configure:5303: checking for ssize_t
configure:5303: result: yes
configure:5322: checking for pid_t
configure:5322: result: yes
configure:5947: checking for library containing strerror
configure:5998: result: none required
configure:6009: checking for asprintf
configure:6009: result: yes
configure:6009: checking for atexit
configure:6009: result: yes
configure:6009: checking for basename
configure:6009: result: yes
configure:6009: checking for bcmp
configure:6009: result: yes
configure:6009: checking for bcopy
configure:6009: result: yes
configure:6009: checking for bsearch
configure:6009: result: yes
configure:6009: checking for bzero
configure:6009: result: yes
configure:6009: checking for calloc
configure:6009: result: yes
configure:6009: checking for clock
configure:6009: result: yes
configure:6009: checking for ffs
configure:6009: result: yes
configure:6009: checking for getcwd
configure:6009: result: yes
configure:6009: checking for getpagesize
configure:6009: result: yes
configure:6009: checking for gettimeofday
configure:6009: result: yes
configure:6009: checking for index
configure:6009: result: yes
configure:6009: checking for insque
configure:6009: result: yes
configure:6009: checking for memchr
configure:6009: result: yes
configure:6009: checking for memcmp
configure:6009: result: yes
configure:6009: checking for memcpy
configure:6009: result: yes
configure:6009: checking for memmem
configure:6009: result: yes
configure:6009: checking for memmove
configure:6009: result: yes
configure:6009: checking for mempcpy
configure:6009: result: yes
configure:6009: checking for memset
configure:6009: result: yes
configure:6009: checking for mkstemps
configure:6009: result: yes
configure:6009: checking for putenv
configure:6009: result: yes
configure:6009: checking for random
configure:6009: result: yes
configure:6009: checking for rename
configure:6009: result: yes
configure:6009: checking for rindex
configure:6009: result: yes
configure:6009: checking for setenv
configure:6009: result: yes
configure:6009: checking for snprintf
configure:6009: result: yes
configure:6009: checking for sigsetmask
configure:6009: result: yes
configure:6009: checking for stpcpy
configure:6009: result: yes
configure:6009: checking for stpncpy
configure:6009: result: yes
configure:6009: checking for strcasecmp
configure:6009: result: yes
configure:6009: checking for strchr
configure:6009: result: yes
configure:6009: checking for strdup
configure:6009: result: yes
configure:6009: checking for strncasecmp
configure:6009: result: yes
configure:6009: checking for strndup
configure:6009: result: yes
configure:6009: checking for strnlen
configure:6009: result: yes
configure:6009: checking for strrchr
configure:6009: result: yes
configure:6009: checking for strstr
configure:6009: result: yes
configure:6009: checking for strtod
configure:6009: result: yes
configure:6009: checking for strtol
configure:6009: result: yes
configure:6009: checking for strtoul
configure:6009: result: yes
configure:6009: checking for strverscmp
configure:6009: result: yes
configure:6009: checking for tmpnam
configure:6009: result: yes
configure:6009: checking for vasprintf
configure:6009: result: yes
configure:6009: checking for vfprintf
configure:6009: result: yes
configure:6009: checking for vprintf
configure:6009: result: yes
configure:6009: checking for vsnprintf
configure:6009: result: yes
configure:6009: checking for vsprintf
configure:6009: result: yes
configure:6009: checking for waitpid
configure:6009: result: yes
configure:6009: checking for setproctitle
configure:6009: result: no
configure:6027: checking whether alloca needs Cray hooks
configure:6050: result: no
configure:6068: checking stack direction for C alloca
configure:6105: result: -1
configure:6115: checking for vfork.h
configure:6115: result: no
configure:6127: checking for fork
configure:6127: result: yes
configure:6127: checking for vfork
configure:6127: result: yes
configure:6138: checking for working fork
configure:6170: result: yes
configure:6191: checking for working vfork
configure:6301: result: yes
configure:6360: checking for _doprnt
configure:6360: result: no
configure:6372: checking for sys_errlist
configure:6401: result: yes
configure:6372: checking for sys_nerr
configure:6401: result: yes
configure:6372: checking for sys_siglist
configure:6401: result: yes
configure:6416: checking for external symbol _system_configuration
configure:6429: gcc -c -g -O2  conftest.c >&5
conftest.c:105:27: fatal error: sys/systemcfg.h: No such file or directory
compilation terminated.
configure:6429: $? = 1
configure: failed program was:
| /* confdefs.h */
| #define PACKAGE_NAME ""
| #define PACKAGE_TARNAME ""
| #define PACKAGE_VERSION ""
| #define PACKAGE_STRING ""
| #define PACKAGE_BUGREPORT ""
| #define PACKAGE_URL ""
| #define STDC_HEADERS 1
| #define HAVE_SYS_TYPES_H 1
| #define HAVE_SYS_STAT_H 1
| #define HAVE_STDLIB_H 1
| #define HAVE_STRING_H 1
| #define HAVE_MEMORY_H 1
| #define HAVE_STRINGS_H 1
| #define HAVE_INTTYPES_H 1
| #define HAVE_STDINT_H 1
| #define HAVE_UNISTD_H 1
| #define HAVE_SYS_FILE_H 1
| #define HAVE_SYS_PARAM_H 1
| #define HAVE_LIMITS_H 1
| #define HAVE_STDLIB_H 1
| #define HAVE_MALLOC_H 1
| #define HAVE_STRING_H 1
| #define HAVE_UNISTD_H 1
| #define HAVE_STRINGS_H 1
| #define HAVE_SYS_TIME_H 1
| #define HAVE_TIME_H 1
| #define HAVE_SYS_RESOURCE_H 1
| #define HAVE_SYS_STAT_H 1
| #define HAVE_SYS_MMAN_H 1
| #define HAVE_FCNTL_H 1
| #define HAVE_ALLOCA_H 1
| #define HAVE_SYS_SYSINFO_H 1
| #define HAVE_SYS_SYSCTL_H 1
| #define HAVE_STDINT_H 1
| #define HAVE_STDIO_EXT_H 1
| #define HAVE_SYS_PRCTL_H 1
| #define HAVE_SYS_WAIT_H 1
| #define TIME_WITH_SYS_TIME 1
| #define SIZEOF_INT 4
| #define UNSIGNED_64BIT_TYPE uint64_t
| #define HAVE_INTPTR_T 1
| #define HAVE_UINTPTR_T 1
| #define HAVE_UINTPTR_T 1
| #define HAVE_ASPRINTF 1
| #define HAVE_ATEXIT 1
| #define HAVE_BASENAME 1
| #define HAVE_BCMP 1
| #define HAVE_BCOPY 1
| #define HAVE_BSEARCH 1
| #define HAVE_BZERO 1
| #define HAVE_CALLOC 1
| #define HAVE_CLOCK 1
| #define HAVE_FFS 1
| #define HAVE_GETCWD 1
| #define HAVE_GETPAGESIZE 1
| #define HAVE_GETTIMEOFDAY 1
| #define HAVE_INDEX 1
| #define HAVE_INSQUE 1
| #define HAVE_MEMCHR 1
| #define HAVE_MEMCMP 1
| #define HAVE_MEMCPY 1
| #define HAVE_MEMMEM 1
| #define HAVE_MEMMOVE 1
| #define HAVE_MEMPCPY 1
| #define HAVE_MEMSET 1
| #define HAVE_MKSTEMPS 1
| #define HAVE_PUTENV 1
| #define HAVE_RANDOM 1
| #define HAVE_RENAME 1
| #define HAVE_RINDEX 1
| #define HAVE_SETENV 1
| #define HAVE_SNPRINTF 1
| #define HAVE_SIGSETMASK 1
| #define HAVE_STPCPY 1
| #define HAVE_STPNCPY 1
| #define HAVE_STRCASECMP 1
| #define HAVE_STRCHR 1
| #define HAVE_STRDUP 1
| #define HAVE_STRNCASECMP 1
| #define HAVE_STRNDUP 1
| #define HAVE_STRNLEN 1
| #define HAVE_STRRCHR 1
| #define HAVE_STRSTR 1
| #define HAVE_STRTOD 1
| #define HAVE_STRTOL 1
| #define HAVE_STRTOUL 1
| #define HAVE_STRVERSCMP 1
| #define HAVE_TMPNAM 1
| #define HAVE_VASPRINTF 1
| #define HAVE_VFPRINTF 1
| #define HAVE_VPRINTF 1
| #define HAVE_VSNPRINTF 1
| #define HAVE_VSPRINTF 1
| #define HAVE_WAITPID 1
| #define STACK_DIRECTION -1
| #define HAVE_FORK 1
| #define HAVE_VFORK 1
| #define HAVE_WORKING_VFORK 1
| #define HAVE_WORKING_FORK 1
| #define HAVE_SYS_ERRLIST 1
| #define HAVE_SYS_NERR 1
| #define HAVE_SYS_SIGLIST 1
| /* end confdefs.h.  */
| #include <sys/systemcfg.h>
| int
| main ()
| {
| double x = _system_configuration.physmem;
|   ;
|   return 0;
| }
configure:6436: result: no
configure:6444: checking for __fsetlocking
configure:6444: result: yes
configure:6444: checking for canonicalize_file_name
configure:6444: result: yes
configure:6444: checking for dup3
configure:6444: result: yes
configure:6444: checking for getrlimit
configure:6444: result: yes
configure:6444: checking for getrusage
configure:6444: result: yes
configure:6444: checking for getsysinfo
configure:6444: result: no
configure:6444: checking for gettimeofday
configure:6444: result: yes
configure:6444: checking for on_exit
configure:6444: result: yes
configure:6444: checking for psignal
configure:6444: result: yes
configure:6444: checking for pstat_getdynamic
configure:6444: result: no
configure:6444: checking for pstat_getstatic
configure:6444: result: no
configure:6444: checking for realpath
configure:6444: result: yes
configure:6444: checking for setrlimit
configure:6444: result: yes
configure:6444: checking for sbrk
configure:6444: result: yes
configure:6444: checking for spawnve
configure:6444: result: no
configure:6444: checking for spawnvpe
configure:6444: result: no
configure:6444: checking for strerror
configure:6444: result: yes
configure:6444: checking for strsignal
configure:6444: result: yes
configure:6444: checking for sysconf
configure:6444: result: yes
configure:6444: checking for sysctl
configure:6444: result: yes
configure:6444: checking for sysmp
configure:6444: result: no
configure:6444: checking for table
configure:6444: result: no
configure:6444: checking for times
configure:6444: result: yes
configure:6444: checking for wait3
configure:6444: result: yes
configure:6444: checking for wait4
configure:6444: result: yes
configure:6454: checking whether basename is declared
configure:6454: result: no
configure:6464: checking whether ffs is declared
configure:6464: result: yes
configure:6474: checking whether asprintf is declared
configure:6474: result: no
configure:6484: checking whether vasprintf is declared
configure:6484: result: no
configure:6494: checking whether snprintf is declared
configure:6494: result: yes
configure:6504: checking whether vsnprintf is declared
configure:6504: result: yes
configure:6515: checking whether calloc is declared
configure:6515: result: yes
configure:6525: checking whether getenv is declared
configure:6525: result: yes
configure:6535: checking whether getopt is declared
configure:6535: result: yes
configure:6545: checking whether malloc is declared
configure:6545: result: yes
configure:6555: checking whether realloc is declared
configure:6555: result: yes
configure:6565: checking whether sbrk is declared
configure:6565: result: yes
configure:6576: checking whether strverscmp is declared
configure:6576: result: no
configure:6587: checking whether canonicalize_file_name must be declared
configure:6626: result: yes
configure:6654: checking for stdlib.h
configure:6654: result: yes
configure:6654: checking for unistd.h
configure:6654: result: yes
configure:6666: checking for getpagesize
configure:6666: result: yes
configure:6675: checking for working mmap
configure:6822: result: yes
configure:6833: checking for working strncmp
configure:6916: result: yes
configure:7059: creating ./config.status

## ---------------------- ##
## Running config.status. ##
## ---------------------- ##

This file was extended by config.status, which was
generated by GNU Autoconf 2.64.  Invocation command line was

  CONFIG_FILES    = 
  CONFIG_HEADERS  = 
  CONFIG_LINKS    = 
  CONFIG_COMMANDS = 
  $ ./config.status 

on COP4610-11-Precision-Tower-5810

config.status:994: creating Makefile
config.status:994: creating testsuite/Makefile
config.status:994: creating config.h
config.status:1165: config.h is unchanged
config.status:1179: executing default commands

## ---------------- ##
## Cache variables. ##
## ---------------- ##

ac_cv_build=x86_64-unknown-linux-gnu
ac_cv_c_bigendian=no
ac_cv_c_compiler_gnu=yes
ac_cv_c_const=yes
ac_cv_c_inline=inline
ac_cv_c_stack_direction=-1
ac_cv_env_CC_set=set
ac_cv_env_CC_value=gcc
ac_cv_env_CFLAGS_set=set
ac_cv_env_CFLAGS_value='-g -O2'
ac_cv_env_CPPFLAGS_set=
ac_cv_env_CPPFLAGS_value=
ac_cv_env_CPP_set=
ac_cv_env_CPP_value=
ac_cv_env_LDFLAGS_set=set
ac_cv_env_LDFLAGS_value='-static-libstdc++ -static-libgcc '
ac_cv_env_LIBS_set=
ac_cv_env_LIBS_value=
ac_cv_env_build_alias_set=set
ac_cv_env_build_alias_value=x86_64-unknown-linux-gnu
ac_cv_env_host_alias_set=set
ac_cv_env_host_alias_value=x86_64-unknown-linux-gnu
ac_cv_env_target_alias_set=set
ac_cv_env_target_alias_value=mips-harvard-os161
ac_cv_func___fsetlocking=yes
ac_cv_func__doprnt=no
ac_cv_func_asprintf=yes
ac_cv_func_atexit=yes
ac_cv_func_basename=yes
ac_cv_func_bcmp=yes
ac_cv_func_bcopy=yes
ac_cv_func_bsearch=yes
ac_cv_func_bzero=yes
ac_cv_func_calloc=yes
ac_cv_func_canonicalize_file_name=yes
ac_cv_func_clock=yes
ac_cv_func_dup3=yes
ac_cv_func_ffs=yes
ac_cv_func_fork=yes
ac_cv_func_fork_works=yes
ac_cv_func_getcwd=yes
ac_cv_func_getpagesize=yes
ac_cv_func_getrlimit=yes
ac_cv_func_getrusage=yes
ac_cv_func_getsysinfo=no
ac_cv_func_gettimeofday=yes
ac_cv_func_index=yes
ac_cv_func_insque=yes
ac_cv_func_memchr=yes
ac_cv_func_memcmp=yes
ac_cv_func_memcpy=yes
ac_cv_func_memmem=yes
ac_cv_func_memmove=yes
ac_cv_func_mempcpy=yes
ac_cv_func_memset=yes
ac_cv_func_mkstemps=yes
ac_cv_func_mmap_fixed_mapped=yes
ac_cv_func_on_exit=yes
ac_cv_func_psignal=yes
ac_cv_func_pstat_getdynamic=no
ac_cv_func_pstat_getstatic=no
ac_cv_func_putenv=yes
ac_cv_func_random=yes
ac_cv_func_realpath=yes
ac_cv_func_rename=yes
ac_cv_func_rindex=yes
ac_cv_func_sbrk=yes
ac_cv_func_setenv=yes
ac_cv_func_setproctitle=no
ac_cv_func_setrlimit=yes
ac_cv_func_sigsetmask=yes
ac_cv_func_snprintf=yes
ac_cv_func_spawnve=no
ac_cv_func_spawnvpe=no
ac_cv_func_stpcpy=yes
ac_cv_func_stpncpy=yes
ac_cv_func_strcasecmp=yes
ac_cv_func_strchr=yes
ac_cv_func_strdup=yes
ac_cv_func_strerror=yes
ac_cv_func_strncasecmp=yes
ac_cv_func_strncmp_works=yes
ac_cv_func_strndup=yes
ac_cv_func_strnlen=yes
ac_cv_func_strrchr=yes
ac_cv_func_strsignal=yes
ac_cv_func_strstr=yes
ac_cv_func_strtod=yes
ac_cv_func_strtol=yes
ac_cv_func_strtoul=yes
ac_cv_func_strverscmp=yes
ac_cv_func_sysconf=yes
ac_cv_func_sysctl=yes
ac_cv_func_sysmp=no
ac_cv_func_table=no
ac_cv_func_times=yes
ac_cv_func_tmpnam=yes
ac_cv_func_vasprintf=yes
ac_cv_func_vfork=yes
ac_cv_func_vfork_works=yes
ac_cv_func_vfprintf=yes
ac_cv_func_vprintf=yes
ac_cv_func_vsnprintf=yes
ac_cv_func_vsprintf=yes
ac_cv_func_wait3=yes
ac_cv_func_wait4=yes
ac_cv_func_waitpid=yes
ac_cv_have_decl_asprintf=no
ac_cv_have_decl_basename_char_p_=no
ac_cv_have_decl_calloc=yes
ac_cv_have_decl_ffs=yes
ac_cv_have_decl_getenv=yes
ac_cv_have_decl_getopt=yes
ac_cv_have_decl_malloc=yes
ac_cv_have_decl_realloc=yes
ac_cv_have_decl_sbrk=yes
ac_cv_have_decl_snprintf=yes
ac_cv_have_decl_strverscmp=no
ac_cv_have_decl_vasprintf=no
ac_cv_have_decl_vsnprintf=yes
ac_cv_header_alloca_h=yes
ac_cv_header_fcntl_h=yes
ac_cv_header_inttypes_h=yes
ac_cv_header_limits_h=yes
ac_cv_header_machine_hal_sysinfo_h=no
ac_cv_header_malloc_h=yes
ac_cv_header_memory_h=yes
ac_cv_header_process_h=no
ac_cv_header_stdc=yes
ac_cv_header_stdint_h=yes
ac_cv_header_stdio_ext_h=yes
ac_cv_header_stdlib_h=yes
ac_cv_header_string_h=yes
ac_cv_header_strings_h=yes
ac_cv_header_sys_file_h=yes
ac_cv_header_sys_mman_h=yes
ac_cv_header_sys_param_h=yes
ac_cv_header_sys_prctl_h=yes
ac_cv_header_sys_pstat_h=no
ac_cv_header_sys_resource_h=yes
ac_cv_header_sys_stat_h=yes
ac_cv_header_sys_sysctl_h=yes
ac_cv_header_sys_sysinfo_h=yes
ac_cv_header_sys_sysmp_h=no
ac_cv_header_sys_systemcfg_h=no
ac_cv_header_sys_table_h=no
ac_cv_header_sys_time_h=yes
ac_cv_header_sys_types_h=yes
ac_cv_header_sys_wait_h=yes
ac_cv_header_time=yes
ac_cv_header_time_h=yes
ac_cv_header_unistd_h=yes
ac_cv_header_vfork_h=no
ac_cv_host=x86_64-unknown-linux-gnu
ac_cv_objext=o
ac_cv_os_cray=no
ac_cv_path_EGREP='/bin/grep -E'
ac_cv_path_GREP=/bin/grep
ac_cv_prog_AR=ar
ac_cv_prog_CC=gcc
ac_cv_prog_CPP='gcc -E'
ac_cv_prog_MAKEINFO='/home/account3/os161/toolbuild/binutils-2.24+os161-2.1/missing makeinfo --split-size=5000000'
ac_cv_prog_PERL=perl
ac_cv_prog_RANLIB=ranlib
ac_cv_prog_cc_c89=
ac_cv_prog_cc_g=yes
ac_cv_prog_cc_gcc_c_o=yes
ac_cv_search_strerror='none required'
ac_cv_sizeof_int=4
ac_cv_sys_file_offset_bits=no
ac_cv_sys_largefile_CC=no
ac_cv_type_intptr_t=yes
ac_cv_type_pid_t=yes
ac_cv_type_ssize_t=yes
ac_cv_type_uintptr_t=yes
acx_cv_prog_cc_pedantic_=yes
acx_cv_prog_cc_warning__W=yes
acx_cv_prog_cc_warning__Wall=yes
acx_cv_prog_cc_warning__Wcpp_compat=yes
acx_cv_prog_cc_warning__Wstrict_prototypes=yes
acx_cv_prog_cc_warning__Wwrite_strings=yes
liberty_cv_uint64=uint64_t
libiberty_cv_decl_needed_canonicalize_file_name=yes
libiberty_cv_declare_errno=no
libiberty_cv_var_sys_errlist=yes
libiberty_cv_var_sys_nerr=yes
libiberty_cv_var_sys_siglist=yes

## ----------------- ##
## Output variables. ##
## ----------------- ##

AR='ar'
BUILD_INFO=''
CC='gcc'
CFLAGS='-g -O2'
CHECK='really-check'
CPP='gcc -E'
CPPFLAGS=''
DEFS='-DHAVE_CONFIG_H'
ECHO_C=''
ECHO_N='-n'
ECHO_T=''
EGREP='/bin/grep -E'
EXEEXT=''
GREP='/bin/grep'
HAVE_PERL=''
INSTALL_DATA='/usr/bin/install -c -m 644'
INSTALL_DEST='libdir'
INSTALL_PROGRAM='/usr/bin/install -c'
INSTALL_SCRIPT='/usr/bin/install -c'
LDFLAGS='-static-libstdc++ -static-libgcc '
LIBOBJS=' ${LIBOBJDIR}./setproctitle$U.o'
LIBS=''
LTLIBOBJS=' ${LIBOBJDIR}./setproctitle$U.lo'
MAINT='#'
MAKEINFO='/home/account3/os161/toolbuild/binutils-2.24+os161-2.1/missing makeinfo --split-size=5000000'
NOTMAINT=''
NO_MINUS_C_MINUS_O=''
OBJEXT='o'
OUTPUT_OPTION='-o $@'
PACKAGE_BUGREPORT=''
PACKAGE_NAME=''
PACKAGE_STRING=''
PACKAGE_TARNAME=''
PACKAGE_URL=''
PACKAGE_VERSION=''
PATH_SEPARATOR=':'
PERL='perl'
PICFLAG=''
RANLIB='ranlib'
SHELL='/bin/bash'
ac_ct_CC=''
ac_libiberty_warn_cflags='-W -Wall -Wwrite-strings -Wc++-compat -Wstrict-prototypes -pedantic '
bindir='${exec_prefix}/bin'
build='x86_64-unknown-linux-gnu'
build_alias='x86_64-unknown-linux-gnu'
build_cpu='x86_64'
build_os='linux-gnu'
build_vendor='unknown'
datadir='${datarootdir}'
datarootdir='${prefix}/share'
docdir='${datarootdir}/doc/${PACKAGE}'
dvidir='${docdir}'
exec_prefix='${prefix}'
host='x86_64-unknown-linux-gnu'
host_alias='x86_64-unknown-linux-gnu'
host_cpu='x86_64'
host_os='linux-gnu'
host_vendor='unknown'
htmldir='${docdir}'
includedir='${prefix}/include'
infodir='${datarootdir}/info'
libdir='${exec_prefix}/lib'
libexecdir='${exec_prefix}/libexec'
libiberty_topdir='./..'
localedir='${datarootdir}/locale'
localstatedir='${prefix}/var'
mandir='${datarootdir}/man'
oldincludedir='/usr/include'
pdfdir='${docdir}'
pexecute='pex-unix'
prefix='/home/account3/os161/tools'
program_transform_name='s&^&mips-harvard-os161-&'
psdir='${docdir}'
sbindir='${exec_prefix}/sbin'
sharedstatedir='${prefix}/com'
sysconfdir='${prefix}/etc'
target_alias='mips-harvard-os161'
target_header_dir=''

## ------------------- ##
## File substitutions. ##
## ------------------- ##

host_makefile_frag='xhost-mkfrag'

## ----------- ##
## confdefs.h. ##
## ----------- ##

/* confdefs.h */
#define PACKAGE_NAME ""
#define PACKAGE_TARNAME ""
#define PACKAGE_VERSION ""
#define PACKAGE_STRING ""
#define PACKAGE_BUGREPORT ""
#define PACKAGE_URL ""
#define STDC_HEADERS 1
#define HAVE_SYS_TYPES_H 1
#define HAVE_SYS_STAT_H 1
#define HAVE_STDLIB_H 1
#define HAVE_STRING_H 1
#define HAVE_MEMORY_H 1
#define HAVE_STRINGS_H 1
#define HAVE_INTTYPES_H 1
#define HAVE_STDINT_H 1
#define HAVE_UNISTD_H 1
#define HAVE_SYS_FILE_H 1
#define HAVE_SYS_PARAM_H 1
#define HAVE_LIMITS_H 1
#define HAVE_STDLIB_H 1
#define HAVE_MALLOC_H 1
#define HAVE_STRING_H 1
#define HAVE_UNISTD_H 1
#define HAVE_STRINGS_H 1
#define HAVE_SYS_TIME_H 1
#define HAVE_TIME_H 1
#define HAVE_SYS_RESOURCE_H 1
#define HAVE_SYS_STAT_H 1
#define HAVE_SYS_MMAN_H 1
#define HAVE_FCNTL_H 1
#define HAVE_ALLOCA_H 1
#define HAVE_SYS_SYSINFO_H 1
#define HAVE_SYS_SYSCTL_H 1
#define HAVE_STDINT_H 1
#define HAVE_STDIO_EXT_H 1
#define HAVE_SYS_PRCTL_H 1
#define HAVE_SYS_WAIT_H 1
#define TIME_WITH_SYS_TIME 1
#define SIZEOF_INT 4
#define UNSIGNED_64BIT_TYPE uint64_t
#define HAVE_INTPTR_T 1
#define HAVE_UINTPTR_T 1
#define HAVE_UINTPTR_T 1
#define HAVE_ASPRINTF 1
#define HAVE_ATEXIT 1
#define HAVE_BASENAME 1
#define HAVE_BCMP 1
#define HAVE_BCOPY 1
#define HAVE_BSEARCH 1
#define HAVE_BZERO 1
#define HAVE_CALLOC 1
#define HAVE_CLOCK 1
#define HAVE_FFS 1
#define HAVE_GETCWD 1
#define HAVE_GETPAGESIZE 1
#define HAVE_GETTIMEOFDAY 1
#define HAVE_INDEX 1
#define HAVE_INSQUE 1
#define HAVE_MEMCHR 1
#define HAVE_MEMCMP 1
#define HAVE_MEMCPY 1
#define HAVE_MEMMEM 1
#define HAVE_MEMMOVE 1
#define HAVE_MEMPCPY 1
#define HAVE_MEMSET 1
#define HAVE_MKSTEMPS 1
#define HAVE_PUTENV 1
#define HAVE_RANDOM 1
#define HAVE_RENAME 1
#define HAVE_RINDEX 1
#define HAVE_SETENV 1
#define HAVE_SNPRINTF 1
#define HAVE_SIGSETMASK 1
#define HAVE_STPCPY 1
#define HAVE_STPNCPY 1
#define HAVE_STRCASECMP 1
#define HAVE_STRCHR 1
#define HAVE_STRDUP 1
#define HAVE_STRNCASECMP 1
#define HAVE_STRNDUP 1
#define HAVE_STRNLEN 1
#define HAVE_STRRCHR 1
#define HAVE_STRSTR 1
#define HAVE_STRTOD 1
#define HAVE_STRTOL 1
#define HAVE_STRTOUL 1
#define HAVE_STRVERSCMP 1
#define HAVE_TMPNAM 1
#define HAVE_VASPRINTF 1
#define HAVE_VFPRINTF 1
#define HAVE_VPRINTF 1
#define HAVE_VSNPRINTF 1
#define HAVE_VSPRINTF 1
#define HAVE_WAITPID 1
#define STACK_DIRECTION -1
#define HAVE_FORK 1
#define HAVE_VFORK 1
#define HAVE_WORKING_VFORK 1
#define HAVE_WORKING_FORK 1
#define HAVE_SYS_ERRLIST 1
#define HAVE_SYS_NERR 1
#define HAVE_SYS_SIGLIST 1
#define HAVE___FSETLOCKING 1
#define HAVE_CANONICALIZE_FILE_NAME 1
#define HAVE_DUP3 1
#define HAVE_GETRLIMIT 1
#define HAVE_GETRUSAGE 1
#define HAVE_GETTIMEOFDAY 1
#define HAVE_ON_EXIT 1
#define HAVE_PSIGNAL 1
#define HAVE_REALPATH 1
#define HAVE_SETRLIMIT 1
#define HAVE_SBRK 1
#define HAVE_STRERROR 1
#define HAVE_STRSIGNAL 1
#define HAVE_SYSCONF 1
#define HAVE_SYSCTL 1
#define HAVE_TIMES 1
#define HAVE_WAIT3 1
#define HAVE_WAIT4 1
#define HAVE_DECL_BASENAME 0
#define HAVE_DECL_FFS 1
#define HAVE_DECL_ASPRINTF 0
#define HAVE_DECL_VASPRINTF 0
#define HAVE_DECL_SNPRINTF 1
#define HAVE_DECL_VSNPRINTF 1
#define HAVE_DECL_CALLOC 1
#define HAVE_DECL_GETENV 1
#define HAVE_DECL_GETOPT 1
#define HAVE_DECL_MALLOC 1
#define HAVE_DECL_REALLOC 1
#define HAVE_DECL_SBRK 1
#define HAVE_DECL_STRVERSCMP 0
#define NEED_DECLARATION_CANONICALIZE_FILE_NAME 1
#define HAVE_STDLIB_H 1
#define HAVE_UNISTD_H 1
#define HAVE_GETPAGESIZE 1
#define HAVE_MMAP 1

configure: exit 0
