This file contains any messages produced by compilers while
running configure, to aid debugging if configure makes a mistake.

It was created by GCC Quad-precision Math Library configure 0.1, which was
generated by GNU Autoconf 2.64.  Invocation command line was

  $ /home/account3/os161/toolbuild/gcc-4.8.3+os161-2.1/libquadmath/configure --cache-file=./config.cache --enable-multilib --with-cross-host=x86_64-unknown-linux-gnu --nfp --disable-shared --disable-threads --disable-libmudflap --disable-libssp --disable-libstdcxx --disable-nls --prefix=/home/account3/os161/tools --enable-languages=c,lto --program-transform-name=s&^&mips-harvard-os161-& --disable-option-checking --with-target-subdir=mips-harvard-os161 --build=x86_64-unknown-linux-gnu --host=mips-harvard-os161 --target=mips-harvard-os161 --srcdir=../../../gcc-4.8.3+os161-2.1/libquadmath

## --------- ##
## Platform. ##
## --------- ##

hostname = COP4610-11-Precision-Tower-5810
uname -m = x86_64
uname -r = 4.8.0-36-generic
uname -s = Linux
uname -v = #36~16.04.1-Ubuntu SMP Sun Feb 5 09:39:57 UTC 2017

/usr/bin/uname -p = unknown
/bin/uname -X     = unknown

/bin/arch              = unknown
/usr/bin/arch -k       = unknown
/usr/convex/getsysinfo = unknown
/usr/bin/hostinfo      = unknown
/bin/machine           = unknown
/usr/bin/oslevel       = unknown
/bin/universe          = unknown

PATH: /home/account3/os161/tools/bin
PATH: /usr/local/sbin
PATH: /usr/local/bin
PATH: /usr/sbin
PATH: /usr/bin
PATH: /sbin
PATH: /bin
PATH: /usr/games
PATH: /usr/local/games
PATH: /snap/bin
PATH: /home/account3/os161/tools/bin


## ----------- ##
## Core tests. ##
## ----------- ##

configure:2119: loading cache ./config.cache
configure:2248: checking build system type
configure:2262: result: x86_64-unknown-linux-gnu
configure:2282: checking host system type
configure:2295: result: mips-harvard-os161
configure:2315: checking target system type
configure:2328: result: mips-harvard-os161
configure:2392: checking for a BSD-compatible install
configure:2460: result: /usr/bin/install -c
configure:2471: checking whether build environment is sane
configure:2521: result: yes
configure:2570: checking for mips-harvard-os161-strip
configure:2597: result: /home/account3/os161/tools/mips-harvard-os161/bin/strip
configure:2662: checking for a thread-safe mkdir -p
configure:2701: result: /bin/mkdir -p
configure:2714: checking for gawk
configure:2741: result: mawk
configure:2752: checking whether make sets $(MAKE)
configure:2774: result: yes
configure:2855: checking for --enable-version-specific-runtime-libs
configure:2868: result: no
configure:2885: checking for style of include used by make
configure:2913: result: GNU
configure:2943: checking for mips-harvard-os161-gcc
configure:2970: result: /home/account3/os161/toolbuild/buildgcc/./gcc/xgcc -B/home/account3/os161/toolbuild/buildgcc/./gcc/ -B/home/account3/os161/tools/mips-harvard-os161/bin/ -B/home/account3/os161/tools/mips-harvard-os161/lib/ -isystem /home/account3/os161/tools/mips-harvard-os161/include -isystem /home/account3/os161/tools/mips-harvard-os161/sys-include   
configure:3239: checking for C compiler version
configure:3248: /home/account3/os161/toolbuild/buildgcc/./gcc/xgcc -B/home/account3/os161/toolbuild/buildgcc/./gcc/ -B/home/account3/os161/tools/mips-harvard-os161/bin/ -B/home/account3/os161/tools/mips-harvard-os161/lib/ -isystem /home/account3/os161/tools/mips-harvard-os161/include -isystem /home/account3/os161/tools/mips-harvard-os161/sys-include    --version >&5
xgcc (GCC) 4.8.3
Copyright (C) 2013 Free Software Foundation, Inc.
This is free software; see the source for copying conditions.  There is NO
warranty; not even for MERCHANTABILITY or FITNESS FOR A PARTICULAR PURPOSE.

configure:3259: $? = 0
configure:3248: /home/account3/os161/toolbuild/buildgcc/./gcc/xgcc -B/home/account3/os161/toolbuild/buildgcc/./gcc/ -B/home/account3/os161/tools/mips-harvard-os161/bin/ -B/home/account3/os161/tools/mips-harvard-os161/lib/ -isystem /home/account3/os161/tools/mips-harvard-os161/include -isystem /home/account3/os161/tools/mips-harvard-os161/sys-include    -v >&5
Reading specs from /home/account3/os161/toolbuild/buildgcc/./gcc/specs
COLLECT_GCC=/home/account3/os161/toolbuild/buildgcc/./gcc/xgcc
COLLECT_LTO_WRAPPER=/home/account3/os161/toolbuild/buildgcc/./gcc/lto-wrapper
Target: mips-harvard-os161
Configured with: ../gcc-4.8.3+os161-2.1/configure --enable-languages=c,lto --nfp --disable-shared --disable-threads --disable-libmudflap --disable-libssp --disable-libstdcxx --disable-nls --target=mips-harvard-os161 --prefix=/home/account3/os161/tools : (reconfigured) ../gcc-4.8.3+os161-2.1/configure --enable-languages=c,lto --nfp --disable-shared --disable-threads --disable-libmudflap --disable-libssp --disable-libstdcxx --disable-nls --target=mips-harvard-os161 --prefix=/home/account3/os161/tools
Thread model: single
gcc version 4.8.3 (GCC) 
configure:3259: $? = 0
configure:3248: /home/account3/os161/toolbuild/buildgcc/./gcc/xgcc -B/home/account3/os161/toolbuild/buildgcc/./gcc/ -B/home/account3/os161/tools/mips-harvard-os161/bin/ -B/home/account3/os161/tools/mips-harvard-os161/lib/ -isystem /home/account3/os161/tools/mips-harvard-os161/include -isystem /home/account3/os161/tools/mips-harvard-os161/sys-include    -V >&5
xgcc: error: unrecognized command line option '-V'
xgcc: fatal error: no input files
compilation terminated.
configure:3259: $? = 1
configure:3248: /home/account3/os161/toolbuild/buildgcc/./gcc/xgcc -B/home/account3/os161/toolbuild/buildgcc/./gcc/ -B/home/account3/os161/tools/mips-harvard-os161/bin/ -B/home/account3/os161/tools/mips-harvard-os161/lib/ -isystem /home/account3/os161/tools/mips-harvard-os161/include -isystem /home/account3/os161/tools/mips-harvard-os161/sys-include    -qversion >&5
xgcc: error: unrecognized command line option '-qversion'
xgcc: fatal error: no input files
compilation terminated.
configure:3259: $? = 1
configure:3275: /home/account3/os161/toolbuild/buildgcc/./gcc/xgcc -B/home/account3/os161/toolbuild/buildgcc/./gcc/ -B/home/account3/os161/tools/mips-harvard-os161/bin/ -B/home/account3/os161/tools/mips-harvard-os161/lib/ -isystem /home/account3/os161/tools/mips-harvard-os161/include -isystem /home/account3/os161/tools/mips-harvard-os161/sys-include    -o conftest -g -O2   conftest.c  >&5
/home/account3/os161/tools/mips-harvard-os161/bin/ld: cannot find crt0.o: No such file or directory
/home/account3/os161/tools/mips-harvard-os161/bin/ld: cannot find crtbegin.o: No such file or directory
/home/account3/os161/tools/mips-harvard-os161/bin/ld: cannot find -lc
/home/account3/os161/tools/mips-harvard-os161/bin/ld: cannot find crtend.o: No such file or directory
collect2: error: ld returned 1 exit status
configure:3278: $? = 1
configure:3466: checking for suffix of object files
configure:3513: result: o
configure:3517: checking whether we are using the GNU C compiler
configure:3545: result: yes
configure:3554: checking whether /home/account3/os161/toolbuild/buildgcc/./gcc/xgcc -B/home/account3/os161/toolbuild/buildgcc/./gcc/ -B/home/account3/os161/tools/mips-harvard-os161/bin/ -B/home/account3/os161/tools/mips-harvard-os161/lib/ -isystem /home/account3/os161/tools/mips-harvard-os161/include -isystem /home/account3/os161/tools/mips-harvard-os161/sys-include    accepts -g
configure:3615: result: yes
configure:3632: checking for /home/account3/os161/toolbuild/buildgcc/./gcc/xgcc -B/home/account3/os161/toolbuild/buildgcc/./gcc/ -B/home/account3/os161/tools/mips-harvard-os161/bin/ -B/home/account3/os161/tools/mips-harvard-os161/lib/ -isystem /home/account3/os161/tools/mips-harvard-os161/include -isystem /home/account3/os161/tools/mips-harvard-os161/sys-include    option to accept ISO C89
configure:3712: result: unsupported
configure:3731: checking dependency style of /home/account3/os161/toolbuild/buildgcc/./gcc/xgcc -B/home/account3/os161/toolbuild/buildgcc/./gcc/ -B/home/account3/os161/tools/mips-harvard-os161/bin/ -B/home/account3/os161/tools/mips-harvard-os161/lib/ -isystem /home/account3/os161/tools/mips-harvard-os161/include -isystem /home/account3/os161/tools/mips-harvard-os161/sys-include   
configure:3841: result: gcc3
configure:3862: checking how to run the C preprocessor
configure:3932: result: /home/account3/os161/toolbuild/buildgcc/./gcc/xgcc -B/home/account3/os161/toolbuild/buildgcc/./gcc/ -B/home/account3/os161/tools/mips-harvard-os161/bin/ -B/home/account3/os161/tools/mips-harvard-os161/lib/ -isystem /home/account3/os161/tools/mips-harvard-os161/include -isystem /home/account3/os161/tools/mips-harvard-os161/sys-include    -E
configure:3952: /home/account3/os161/toolbuild/buildgcc/./gcc/xgcc -B/home/account3/os161/toolbuild/buildgcc/./gcc/ -B/home/account3/os161/tools/mips-harvard-os161/bin/ -B/home/account3/os161/tools/mips-harvard-os161/lib/ -isystem /home/account3/os161/tools/mips-harvard-os161/include -isystem /home/account3/os161/tools/mips-harvard-os161/sys-include    -E  conftest.c
configure:3952: $? = 0
configure:3966: /home/account3/os161/toolbuild/buildgcc/./gcc/xgcc -B/home/account3/os161/toolbuild/buildgcc/./gcc/ -B/home/account3/os161/tools/mips-harvard-os161/bin/ -B/home/account3/os161/tools/mips-harvard-os161/lib/ -isystem /home/account3/os161/tools/mips-harvard-os161/include -isystem /home/account3/os161/tools/mips-harvard-os161/sys-include    -E  conftest.c
conftest.c:11:28: fatal error: ac_nonexistent.h: No such file or directory
 #include <ac_nonexistent.h>
                            ^
compilation terminated.
configure:3966: $? = 1
configure: failed program was:
| /* confdefs.h */
| #define PACKAGE_NAME "GCC Quad-precision Math Library"
| #define PACKAGE_TARNAME "libquadmath"
| #define PACKAGE_VERSION "0.1"
| #define PACKAGE_STRING "GCC Quad-precision Math Library 0.1"
| #define PACKAGE_BUGREPORT ""
| #define PACKAGE_URL ""
| #define PACKAGE "libquadmath"
| #define VERSION "0.1"
| /* end confdefs.h.  */
| #include <ac_nonexistent.h>
configure:3995: checking for grep that handles long lines and -e
configure:4053: result: /bin/grep
configure:4058: checking for egrep
configure:4120: result: /bin/grep -E
configure:4125: checking for ANSI C header files
configure:4229: result: no
configure:4242: checking for sys/types.h
configure:4242: result: no
configure:4242: checking for sys/stat.h
configure:4242: result: no
configure:4242: checking for stdlib.h
configure:4242: result: no
configure:4242: checking for string.h
configure:4242: result: no
configure:4242: checking for memory.h
configure:4242: result: no
configure:4242: checking for strings.h
configure:4242: result: no
configure:4242: checking for inttypes.h
configure:4242: result: no
configure:4242: checking for stdint.h
configure:4242: result: no
configure:4242: checking for unistd.h
configure:4242: result: no
configure:4256: checking for minix/config.h
configure:4256: result: no
configure:4277: checking whether it is safe to define __EXTENSIONS__
configure:4302: result: no
configure:4322: checking for makeinfo
configure:4349: result: /home/account3/os161/toolbuild/gcc-4.8.3+os161-2.1/missing makeinfo --split-size=5000000
configure:4359: checking for modern makeinfo
configure:4374: result: no
configure:4469: checking how to print strings
configure:4496: result: printf
configure:4517: checking for a sed that does not truncate output
configure:4581: result: /bin/sed
configure:4599: checking for fgrep
configure:4661: result: /bin/grep -F
configure:4696: checking for ld used by /home/account3/os161/toolbuild/buildgcc/./gcc/xgcc -B/home/account3/os161/toolbuild/buildgcc/./gcc/ -B/home/account3/os161/tools/mips-harvard-os161/bin/ -B/home/account3/os161/tools/mips-harvard-os161/lib/ -isystem /home/account3/os161/tools/mips-harvard-os161/include -isystem /home/account3/os161/tools/mips-harvard-os161/sys-include   
configure:4763: result: /home/account3/os161/toolbuild/buildgcc/./gcc/collect-ld
configure:4770: checking if the linker (/home/account3/os161/toolbuild/buildgcc/./gcc/collect-ld) is GNU ld
configure:4785: result: yes
configure:4797: checking for BSD- or MS-compatible name lister (nm)
configure:4846: result: /home/account3/os161/toolbuild/buildgcc/./gcc/nm
configure:4976: checking the name lister (/home/account3/os161/toolbuild/buildgcc/./gcc/nm) interface
configure:4996: result: BSD nm
configure:4999: checking whether ln -s works
configure:5003: result: yes
configure:5011: checking the maximum length of command line arguments
configure:5136: result: 1572864
configure:5153: checking whether the shell understands some XSI constructs
configure:5163: result: yes
configure:5167: checking whether the shell understands "+="
configure:5173: result: yes
configure:5208: checking for /home/account3/os161/toolbuild/buildgcc/./gcc/collect-ld option to reload object files
configure:5215: result: -r
configure:5244: checking for mips-harvard-os161-objdump
configure:5271: result: /home/account3/os161/tools/mips-harvard-os161/bin/objdump
configure:5343: checking how to recognize dependent libraries
configure:5544: result: unknown
configure:5564: checking for mips-harvard-os161-ar
configure:5591: result: /home/account3/os161/tools/mips-harvard-os161/bin/ar
configure:5669: checking for mips-harvard-os161-strip
configure:5696: result: /home/account3/os161/tools/mips-harvard-os161/bin/strip
configure:5768: checking for mips-harvard-os161-ranlib
configure:5795: result: /home/account3/os161/tools/mips-harvard-os161/bin/ranlib
configure:5937: checking command to parse /home/account3/os161/toolbuild/buildgcc/./gcc/nm output from /home/account3/os161/toolbuild/buildgcc/./gcc/xgcc -B/home/account3/os161/toolbuild/buildgcc/./gcc/ -B/home/account3/os161/tools/mips-harvard-os161/bin/ -B/home/account3/os161/tools/mips-harvard-os161/lib/ -isystem /home/account3/os161/tools/mips-harvard-os161/include -isystem /home/account3/os161/tools/mips-harvard-os161/sys-include    object
configure:6157: result: failed
configure:7014: checking for dlfcn.h
configure:7014: result: no
configure:7201: checking for objdir
configure:7216: result: .libs
configure:7487: checking if /home/account3/os161/toolbuild/buildgcc/./gcc/xgcc -B/home/account3/os161/toolbuild/buildgcc/./gcc/ -B/home/account3/os161/tools/mips-harvard-os161/bin/ -B/home/account3/os161/tools/mips-harvard-os161/lib/ -isystem /home/account3/os161/tools/mips-harvard-os161/include -isystem /home/account3/os161/tools/mips-harvard-os161/sys-include    supports -fno-rtti -fno-exceptions
configure:7522: result: no
configure:7542: checking for /home/account3/os161/toolbuild/buildgcc/./gcc/xgcc -B/home/account3/os161/toolbuild/buildgcc/./gcc/ -B/home/account3/os161/tools/mips-harvard-os161/bin/ -B/home/account3/os161/tools/mips-harvard-os161/lib/ -isystem /home/account3/os161/tools/mips-harvard-os161/include -isystem /home/account3/os161/tools/mips-harvard-os161/sys-include    option to produce PIC
configure:7828: result: -fPIC -DPIC
configure:7840: checking if /home/account3/os161/toolbuild/buildgcc/./gcc/xgcc -B/home/account3/os161/toolbuild/buildgcc/./gcc/ -B/home/account3/os161/tools/mips-harvard-os161/bin/ -B/home/account3/os161/tools/mips-harvard-os161/lib/ -isystem /home/account3/os161/tools/mips-harvard-os161/include -isystem /home/account3/os161/tools/mips-harvard-os161/sys-include    PIC flag -fPIC -DPIC works
configure:7875: result: yes
configure:7899: checking if /home/account3/os161/toolbuild/buildgcc/./gcc/xgcc -B/home/account3/os161/toolbuild/buildgcc/./gcc/ -B/home/account3/os161/tools/mips-harvard-os161/bin/ -B/home/account3/os161/tools/mips-harvard-os161/lib/ -isystem /home/account3/os161/tools/mips-harvard-os161/include -isystem /home/account3/os161/tools/mips-harvard-os161/sys-include    static flag -static works
configure:7927: result: no
configure:7942: checking if /home/account3/os161/toolbuild/buildgcc/./gcc/xgcc -B/home/account3/os161/toolbuild/buildgcc/./gcc/ -B/home/account3/os161/tools/mips-harvard-os161/bin/ -B/home/account3/os161/tools/mips-harvard-os161/lib/ -isystem /home/account3/os161/tools/mips-harvard-os161/include -isystem /home/account3/os161/tools/mips-harvard-os161/sys-include    supports -c -o file.o
configure:7989: result: yes
configure:7997: checking if /home/account3/os161/toolbuild/buildgcc/./gcc/xgcc -B/home/account3/os161/toolbuild/buildgcc/./gcc/ -B/home/account3/os161/tools/mips-harvard-os161/bin/ -B/home/account3/os161/tools/mips-harvard-os161/lib/ -isystem /home/account3/os161/tools/mips-harvard-os161/include -isystem /home/account3/os161/tools/mips-harvard-os161/sys-include    supports -c -o file.o
configure:8044: result: yes
configure:8077: checking whether the /home/account3/os161/toolbuild/buildgcc/./gcc/xgcc -B/home/account3/os161/toolbuild/buildgcc/./gcc/ -B/home/account3/os161/tools/mips-harvard-os161/bin/ -B/home/account3/os161/tools/mips-harvard-os161/lib/ -isystem /home/account3/os161/tools/mips-harvard-os161/include -isystem /home/account3/os161/tools/mips-harvard-os161/sys-include    linker (/home/account3/os161/toolbuild/buildgcc/./gcc/collect-ld) supports shared libraries
configure:9157: result: yes
configure:9402: checking dynamic linker characteristics
configure:10078: result: no
configure:10185: checking how to hardcode library paths into programs
configure:10210: result: immediate
configure:10765: checking whether stripping libraries is possible
configure:10770: result: yes
configure:10805: checking if libtool supports shared libraries
configure:10807: result: no
configure:10810: checking whether to build shared libraries
configure:10831: result: no
configure:10834: checking whether to build static libraries
configure:10838: result: yes
configure:10899: checking whether to enable maintainer-specific portions of Makefiles
configure:10908: result: no
configure:10980: checking for mips-harvard-os161-gcc
configure:11007: result: /home/account3/os161/toolbuild/buildgcc/./gcc/xgcc -B/home/account3/os161/toolbuild/buildgcc/./gcc/ -B/home/account3/os161/tools/mips-harvard-os161/bin/ -B/home/account3/os161/tools/mips-harvard-os161/lib/ -isystem /home/account3/os161/tools/mips-harvard-os161/include -isystem /home/account3/os161/tools/mips-harvard-os161/sys-include   
configure:11276: checking for C compiler version
configure:11285: /home/account3/os161/toolbuild/buildgcc/./gcc/xgcc -B/home/account3/os161/toolbuild/buildgcc/./gcc/ -B/home/account3/os161/tools/mips-harvard-os161/bin/ -B/home/account3/os161/tools/mips-harvard-os161/lib/ -isystem /home/account3/os161/tools/mips-harvard-os161/include -isystem /home/account3/os161/tools/mips-harvard-os161/sys-include    --version >&5
xgcc (GCC) 4.8.3
Copyright (C) 2013 Free Software Foundation, Inc.
This is free software; see the source for copying conditions.  There is NO
warranty; not even for MERCHANTABILITY or FITNESS FOR A PARTICULAR PURPOSE.

configure:11296: $? = 0
configure:11285: /home/account3/os161/toolbuild/buildgcc/./gcc/xgcc -B/home/account3/os161/toolbuild/buildgcc/./gcc/ -B/home/account3/os161/tools/mips-harvard-os161/bin/ -B/home/account3/os161/tools/mips-harvard-os161/lib/ -isystem /home/account3/os161/tools/mips-harvard-os161/include -isystem /home/account3/os161/tools/mips-harvard-os161/sys-include    -v >&5
Reading specs from /home/account3/os161/toolbuild/buildgcc/./gcc/specs
COLLECT_GCC=/home/account3/os161/toolbuild/buildgcc/./gcc/xgcc
COLLECT_LTO_WRAPPER=/home/account3/os161/toolbuild/buildgcc/./gcc/lto-wrapper
Target: mips-harvard-os161
Configured with: ../gcc-4.8.3+os161-2.1/configure --enable-languages=c,lto --nfp --disable-shared --disable-threads --disable-libmudflap --disable-libssp --disable-libstdcxx --disable-nls --target=mips-harvard-os161 --prefix=/home/account3/os161/tools : (reconfigured) ../gcc-4.8.3+os161-2.1/configure --enable-languages=c,lto --nfp --disable-shared --disable-threads --disable-libmudflap --disable-libssp --disable-libstdcxx --disable-nls --target=mips-harvard-os161 --prefix=/home/account3/os161/tools
Thread model: single
gcc version 4.8.3 (GCC) 
configure:11296: $? = 0
configure:11285: /home/account3/os161/toolbuild/buildgcc/./gcc/xgcc -B/home/account3/os161/toolbuild/buildgcc/./gcc/ -B/home/account3/os161/tools/mips-harvard-os161/bin/ -B/home/account3/os161/tools/mips-harvard-os161/lib/ -isystem /home/account3/os161/tools/mips-harvard-os161/include -isystem /home/account3/os161/tools/mips-harvard-os161/sys-include    -V >&5
xgcc: error: unrecognized command line option '-V'
xgcc: fatal error: no input files
compilation terminated.
configure:11296: $? = 1
configure:11285: /home/account3/os161/toolbuild/buildgcc/./gcc/xgcc -B/home/account3/os161/toolbuild/buildgcc/./gcc/ -B/home/account3/os161/tools/mips-harvard-os161/bin/ -B/home/account3/os161/tools/mips-harvard-os161/lib/ -isystem /home/account3/os161/tools/mips-harvard-os161/include -isystem /home/account3/os161/tools/mips-harvard-os161/sys-include    -qversion >&5
xgcc: error: unrecognized command line option '-qversion'
xgcc: fatal error: no input files
compilation terminated.
configure:11296: $? = 1
configure:11300: checking whether we are using the GNU C compiler
configure:11328: result: yes
configure:11337: checking whether /home/account3/os161/toolbuild/buildgcc/./gcc/xgcc -B/home/account3/os161/toolbuild/buildgcc/./gcc/ -B/home/account3/os161/tools/mips-harvard-os161/bin/ -B/home/account3/os161/tools/mips-harvard-os161/lib/ -isystem /home/account3/os161/tools/mips-harvard-os161/include -isystem /home/account3/os161/tools/mips-harvard-os161/sys-include    accepts -g
configure:11398: result: yes
configure:11415: checking for /home/account3/os161/toolbuild/buildgcc/./gcc/xgcc -B/home/account3/os161/toolbuild/buildgcc/./gcc/ -B/home/account3/os161/tools/mips-harvard-os161/bin/ -B/home/account3/os161/tools/mips-harvard-os161/lib/ -isystem /home/account3/os161/tools/mips-harvard-os161/include -isystem /home/account3/os161/tools/mips-harvard-os161/sys-include    option to accept ISO C89
configure:11495: result: unsupported
configure:11514: checking dependency style of /home/account3/os161/toolbuild/buildgcc/./gcc/xgcc -B/home/account3/os161/toolbuild/buildgcc/./gcc/ -B/home/account3/os161/tools/mips-harvard-os161/bin/ -B/home/account3/os161/tools/mips-harvard-os161/lib/ -isystem /home/account3/os161/tools/mips-harvard-os161/include -isystem /home/account3/os161/tools/mips-harvard-os161/sys-include   
configure:11624: result: gcc3
configure:11644: checking whether /home/account3/os161/toolbuild/buildgcc/./gcc/xgcc -B/home/account3/os161/toolbuild/buildgcc/./gcc/ -B/home/account3/os161/tools/mips-harvard-os161/bin/ -B/home/account3/os161/tools/mips-harvard-os161/lib/ -isystem /home/account3/os161/tools/mips-harvard-os161/include -isystem /home/account3/os161/tools/mips-harvard-os161/sys-include    and cc understand -c and -o together
configure:11744: result: yes
configure:11778: checking how to run the C preprocessor
configure:11848: result: /home/account3/os161/toolbuild/buildgcc/./gcc/xgcc -B/home/account3/os161/toolbuild/buildgcc/./gcc/ -B/home/account3/os161/tools/mips-harvard-os161/bin/ -B/home/account3/os161/tools/mips-harvard-os161/lib/ -isystem /home/account3/os161/tools/mips-harvard-os161/include -isystem /home/account3/os161/tools/mips-harvard-os161/sys-include    -E
configure:11868: /home/account3/os161/toolbuild/buildgcc/./gcc/xgcc -B/home/account3/os161/toolbuild/buildgcc/./gcc/ -B/home/account3/os161/tools/mips-harvard-os161/bin/ -B/home/account3/os161/tools/mips-harvard-os161/lib/ -isystem /home/account3/os161/tools/mips-harvard-os161/include -isystem /home/account3/os161/tools/mips-harvard-os161/sys-include    -E  conftest.c
configure:11868: $? = 0
configure:11882: /home/account3/os161/toolbuild/buildgcc/./gcc/xgcc -B/home/account3/os161/toolbuild/buildgcc/./gcc/ -B/home/account3/os161/tools/mips-harvard-os161/bin/ -B/home/account3/os161/tools/mips-harvard-os161/lib/ -isystem /home/account3/os161/tools/mips-harvard-os161/include -isystem /home/account3/os161/tools/mips-harvard-os161/sys-include    -E  conftest.c
conftest.c:16:28: fatal error: ac_nonexistent.h: No such file or directory
 #include <ac_nonexistent.h>
                            ^
compilation terminated.
configure:11882: $? = 1
configure: failed program was:
| /* confdefs.h */
| #define PACKAGE_NAME "GCC Quad-precision Math Library"
| #define PACKAGE_TARNAME "libquadmath"
| #define PACKAGE_VERSION "0.1"
| #define PACKAGE_STRING "GCC Quad-precision Math Library 0.1"
| #define PACKAGE_BUGREPORT ""
| #define PACKAGE_URL ""
| #define PACKAGE "libquadmath"
| #define VERSION "0.1"
| #define _ALL_SOURCE 1
| #define _GNU_SOURCE 1
| #define _POSIX_PTHREAD_SEMANTICS 1
| #define _TANDEM_SOURCE 1
| #define LT_OBJDIR ".libs/"
| /* end confdefs.h.  */
| #include <ac_nonexistent.h>
configure:11944: checking for fenv.h
configure:11944: result: no
configure:11944: checking for langinfo.h
configure:11944: result: no
configure:11944: checking for locale.h
configure:11944: result: no
configure:11944: checking for wchar.h
configure:11944: result: no
configure:11944: checking for wctype.h
configure:11944: result: no
configure:11944: checking for limits.h
configure:11944: result: no
configure:11944: checking for ctype.h
configure:11944: result: no
configure:11944: checking for printf.h
configure:11944: result: no
configure:11944: checking for errno.h
configure:11944: result: no
configure:11956: checking whether the math.h includes POSIX's signgam
configure:11985: result: no
configure:12363: checking whether hidden visibility is supported
configure:12377: /home/account3/os161/toolbuild/buildgcc/./gcc/xgcc -B/home/account3/os161/toolbuild/buildgcc/./gcc/ -B/home/account3/os161/tools/mips-harvard-os161/bin/ -B/home/account3/os161/tools/mips-harvard-os161/lib/ -isystem /home/account3/os161/tools/mips-harvard-os161/include -isystem /home/account3/os161/tools/mips-harvard-os161/sys-include    -c -g -O2 -Werror  conftest.c >&5
configure:12377: $? = 0
configure:12383: result: yes
configure:12393: checking whether symbol versioning is supported
configure:12474: result: no
configure:12501: checking whether __float128 is supported
configure:12600: result: no
configure:12612: checking whether printf hooks are supported
configure:12637: /home/account3/os161/toolbuild/buildgcc/./gcc/xgcc -B/home/account3/os161/toolbuild/buildgcc/./gcc/ -B/home/account3/os161/tools/mips-harvard-os161/bin/ -B/home/account3/os161/tools/mips-harvard-os161/lib/ -isystem /home/account3/os161/tools/mips-harvard-os161/include -isystem /home/account3/os161/tools/mips-harvard-os161/sys-include    -c -g -O2  conftest.c >&5
conftest.c:18:20: fatal error: printf.h: No such file or directory
 #include <printf.h>
                    ^
compilation terminated.
configure:12637: $? = 1
configure: failed program was:
| /* confdefs.h */
| #define PACKAGE_NAME "GCC Quad-precision Math Library"
| #define PACKAGE_TARNAME "libquadmath"
| #define PACKAGE_VERSION "0.1"
| #define PACKAGE_STRING "GCC Quad-precision Math Library 0.1"
| #define PACKAGE_BUGREPORT ""
| #define PACKAGE_URL ""
| #define PACKAGE "libquadmath"
| #define VERSION "0.1"
| #define _ALL_SOURCE 1
| #define _GNU_SOURCE 1
| #define _POSIX_PTHREAD_SEMANTICS 1
| #define _TANDEM_SOURCE 1
| #define LT_OBJDIR ".libs/"
| #define HAVE_HIDDEN_VISIBILITY 1
| /* end confdefs.h.  */
| 
| #include <printf.h>
| #include <stdarg.h>
| #include <stdlib.h>
| extern void flt128_va (void *, va_list *);
| extern int flt128_ais (const struct printf_info *, size_t, int *, int *);
| extern int flt128_printf_fp (FILE *, const struct printf_info *, const void *const *);
| 
| int
| main ()
| {
| 
| int pa_flt128 = register_printf_type (flt128_va);
| int mod_Q = register_printf_modifier (L"Q");
| int res = register_printf_specifier ('f', flt128_printf_fp, flt128_ais);
| struct printf_info info = { .user = -1 };
| 
|   ;
|   return 0;
| }
configure:12643: result: no
configure:12653: checking whether nl_langinfo should be used
configure:12675: /home/account3/os161/toolbuild/buildgcc/./gcc/xgcc -B/home/account3/os161/toolbuild/buildgcc/./gcc/ -B/home/account3/os161/tools/mips-harvard-os161/bin/ -B/home/account3/os161/tools/mips-harvard-os161/lib/ -isystem /home/account3/os161/tools/mips-harvard-os161/include -isystem /home/account3/os161/tools/mips-harvard-os161/sys-include    -c -g -O2  conftest.c >&5
conftest.c:17:22: fatal error: langinfo.h: No such file or directory
 #include <langinfo.h>
                      ^
compilation terminated.
configure:12675: $? = 1
configure: failed program was:
| /* confdefs.h */
| #define PACKAGE_NAME "GCC Quad-precision Math Library"
| #define PACKAGE_TARNAME "libquadmath"
| #define PACKAGE_VERSION "0.1"
| #define PACKAGE_STRING "GCC Quad-precision Math Library 0.1"
| #define PACKAGE_BUGREPORT ""
| #define PACKAGE_URL ""
| #define PACKAGE "libquadmath"
| #define VERSION "0.1"
| #define _ALL_SOURCE 1
| #define _GNU_SOURCE 1
| #define _POSIX_PTHREAD_SEMANTICS 1
| #define _TANDEM_SOURCE 1
| #define LT_OBJDIR ".libs/"
| #define HAVE_HIDDEN_VISIBILITY 1
| /* end confdefs.h.  */
| #include <langinfo.h>
| int
| main ()
| {
| 
| const char *s;
| s = nl_langinfo (DECIMAL_POINT);
| s = nl_langinfo (MON_DECIMAL_POINT);
| s = nl_langinfo (GROUPING);
| s = nl_langinfo (MON_GROUPING);
| s = nl_langinfo (THOUSANDS_SEP);
| s = nl_langinfo (MON_THOUSANDS_SEP);
| (void) s;
| 
|   ;
|   return 0;
| }
configure:12681: result: no
configure:12689: checking whether nl_langinfo should be used for wide char locale info
configure:12709: /home/account3/os161/toolbuild/buildgcc/./gcc/xgcc -B/home/account3/os161/toolbuild/buildgcc/./gcc/ -B/home/account3/os161/tools/mips-harvard-os161/bin/ -B/home/account3/os161/tools/mips-harvard-os161/lib/ -isystem /home/account3/os161/tools/mips-harvard-os161/include -isystem /home/account3/os161/tools/mips-harvard-os161/sys-include    -c -g -O2  conftest.c >&5
conftest.c:17:22: fatal error: langinfo.h: No such file or directory
 #include <langinfo.h>
                      ^
compilation terminated.
configure:12709: $? = 1
configure: failed program was:
| /* confdefs.h */
| #define PACKAGE_NAME "GCC Quad-precision Math Library"
| #define PACKAGE_TARNAME "libquadmath"
| #define PACKAGE_VERSION "0.1"
| #define PACKAGE_STRING "GCC Quad-precision Math Library 0.1"
| #define PACKAGE_BUGREPORT ""
| #define PACKAGE_URL ""
| #define PACKAGE "libquadmath"
| #define VERSION "0.1"
| #define _ALL_SOURCE 1
| #define _GNU_SOURCE 1
| #define _POSIX_PTHREAD_SEMANTICS 1
| #define _TANDEM_SOURCE 1
| #define LT_OBJDIR ".libs/"
| #define HAVE_HIDDEN_VISIBILITY 1
| /* end confdefs.h.  */
| #include <langinfo.h>
| int
| main ()
| {
| 
| const char *s;
| s = nl_langinfo (_NL_NUMERIC_DECIMAL_POINT_WC);
| s = nl_langinfo (_NL_MONETARY_DECIMAL_POINT_WC);
| s = nl_langinfo (_NL_NUMERIC_THOUSANDS_SEP_WC);
| s = nl_langinfo (_NL_MONETARY_THOUSANDS_SEP_WC);
| (void) s;
| 
|   ;
|   return 0;
| }
configure:12715: result: no
configure:12723: checking whether localeconv should be used
configure:12746: /home/account3/os161/toolbuild/buildgcc/./gcc/xgcc -B/home/account3/os161/toolbuild/buildgcc/./gcc/ -B/home/account3/os161/tools/mips-harvard-os161/bin/ -B/home/account3/os161/tools/mips-harvard-os161/lib/ -isystem /home/account3/os161/tools/mips-harvard-os161/include -isystem /home/account3/os161/tools/mips-harvard-os161/sys-include    -c -g -O2  conftest.c >&5
conftest.c:17:20: fatal error: locale.h: No such file or directory
 #include <locale.h>
                    ^
compilation terminated.
configure:12746: $? = 1
configure: failed program was:
| /* confdefs.h */
| #define PACKAGE_NAME "GCC Quad-precision Math Library"
| #define PACKAGE_TARNAME "libquadmath"
| #define PACKAGE_VERSION "0.1"
| #define PACKAGE_STRING "GCC Quad-precision Math Library 0.1"
| #define PACKAGE_BUGREPORT ""
| #define PACKAGE_URL ""
| #define PACKAGE "libquadmath"
| #define VERSION "0.1"
| #define _ALL_SOURCE 1
| #define _GNU_SOURCE 1
| #define _POSIX_PTHREAD_SEMANTICS 1
| #define _TANDEM_SOURCE 1
| #define LT_OBJDIR ".libs/"
| #define HAVE_HIDDEN_VISIBILITY 1
| /* end confdefs.h.  */
| #include <locale.h>
| int
| main ()
| {
| 
| const struct lconv *l = localeconv ();
| const char *s;
| s = l->decimal_point;
| s = l->mon_decimal_point;
| s = l->grouping;
| s = l->mon_grouping;
| s = l->thousands_sep;
| s = l->mon_thousands_sep;
| (void) s;
| 
|   ;
|   return 0;
| }
configure:12752: result: no
configure:12762: checking whether i18n number rewriting support for quadmath_snprintf should be added
configure:12791: /home/account3/os161/toolbuild/buildgcc/./gcc/xgcc -B/home/account3/os161/toolbuild/buildgcc/./gcc/ -B/home/account3/os161/tools/mips-harvard-os161/bin/ -B/home/account3/os161/tools/mips-harvard-os161/lib/ -isystem /home/account3/os161/tools/mips-harvard-os161/include -isystem /home/account3/os161/tools/mips-harvard-os161/sys-include    -c -g -O2  conftest.c >&5
conftest.c:17:22: fatal error: langinfo.h: No such file or directory
 #include <langinfo.h>
                      ^
compilation terminated.
configure:12791: $? = 1
configure: failed program was:
| /* confdefs.h */
| #define PACKAGE_NAME "GCC Quad-precision Math Library"
| #define PACKAGE_TARNAME "libquadmath"
| #define PACKAGE_VERSION "0.1"
| #define PACKAGE_STRING "GCC Quad-precision Math Library 0.1"
| #define PACKAGE_BUGREPORT ""
| #define PACKAGE_URL ""
| #define PACKAGE "libquadmath"
| #define VERSION "0.1"
| #define _ALL_SOURCE 1
| #define _GNU_SOURCE 1
| #define _POSIX_PTHREAD_SEMANTICS 1
| #define _TANDEM_SOURCE 1
| #define LT_OBJDIR ".libs/"
| #define HAVE_HIDDEN_VISIBILITY 1
| /* end confdefs.h.  */
| #include <langinfo.h>
| #include <limits.h>
| #include <string.h>
| #include <wchar.h>
| #include <wctype.h>
| int
| main ()
| {
| 
| const char *s;
| char decimal[MB_LEN_MAX];
| wctrans_t map = wctrans ("to_outpunct");
| wint_t wdecimal = towctrans (L'.', map);
| mbstate_t state;
| memset (&state, '\0', sizeof (state));
| wcrtomb (decimal, wdecimal, &state);
| s = nl_langinfo (_NL_CTYPE_OUTDIGIT0_MB);
| s = nl_langinfo (_NL_CTYPE_OUTDIGIT0_WC);
| s = nl_langinfo (_NL_CTYPE_MB_CUR_MAX);
| (void) s;
| 
|   ;
|   return 0;
| }
configure:12797: result: no
configure:12892: checking generated-files-in-srcdir
configure:12905: result: no
configure:13069: creating ./config.status

## ---------------------- ##
## Running config.status. ##
## ---------------------- ##

This file was extended by GCC Quad-precision Math Library config.status 0.1, which was
generated by GNU Autoconf 2.64.  Invocation command line was

  CONFIG_FILES    = 
  CONFIG_HEADERS  = 
  CONFIG_LINKS    = 
  CONFIG_COMMANDS = 
  $ ./config.status 

on COP4610-11-Precision-Tower-5810

config.status:1099: creating Makefile
config.status:1099: creating config.h
config.status:1264: config.h is unchanged
config.status:1312: executing depfiles commands
config.status:1312: executing libtool commands
config.status:1312: executing default-1 commands

## ---------------- ##
## Cache variables. ##
## ---------------- ##

ac_cv_build=x86_64-unknown-linux-gnu
ac_cv_c_compiler_gnu=yes
ac_cv_env_CC_set=set
ac_cv_env_CC_value='/home/account3/os161/toolbuild/buildgcc/./gcc/xgcc -B/home/account3/os161/toolbuild/buildgcc/./gcc/ -B/home/account3/os161/tools/mips-harvard-os161/bin/ -B/home/account3/os161/tools/mips-harvard-os161/lib/ -isystem /home/account3/os161/tools/mips-harvard-os161/include -isystem /home/account3/os161/tools/mips-harvard-os161/sys-include   '
ac_cv_env_CFLAGS_set=set
ac_cv_env_CFLAGS_value='-g -O2'
ac_cv_env_CPPFLAGS_set=set
ac_cv_env_CPPFLAGS_value=
ac_cv_env_CPP_set=
ac_cv_env_CPP_value=
ac_cv_env_LDFLAGS_set=set
ac_cv_env_LDFLAGS_value=
ac_cv_env_LIBS_set=
ac_cv_env_LIBS_value=
ac_cv_env_build_alias_set=set
ac_cv_env_build_alias_value=x86_64-unknown-linux-gnu
ac_cv_env_host_alias_set=set
ac_cv_env_host_alias_value=mips-harvard-os161
ac_cv_env_target_alias_set=set
ac_cv_env_target_alias_value=mips-harvard-os161
ac_cv_header_ctype_h=no
ac_cv_header_dlfcn_h=no
ac_cv_header_errno_h=no
ac_cv_header_fenv_h=no
ac_cv_header_inttypes_h=no
ac_cv_header_langinfo_h=no
ac_cv_header_limits_h=no
ac_cv_header_locale_h=no
ac_cv_header_memory_h=no
ac_cv_header_minix_config_h=no
ac_cv_header_printf_h=no
ac_cv_header_stdc=no
ac_cv_header_stdint_h=no
ac_cv_header_stdlib_h=no
ac_cv_header_string_h=no
ac_cv_header_strings_h=no
ac_cv_header_sys_stat_h=no
ac_cv_header_sys_types_h=no
ac_cv_header_unistd_h=no
ac_cv_header_wchar_h=no
ac_cv_header_wctype_h=no
ac_cv_host=mips-harvard-os161
ac_cv_objext=o
ac_cv_path_EGREP='/bin/grep -E'
ac_cv_path_FGREP='/bin/grep -F'
ac_cv_path_GREP=/bin/grep
ac_cv_path_SED=/bin/sed
ac_cv_path_mkdir=/bin/mkdir
ac_cv_prog_AR=/home/account3/os161/tools/mips-harvard-os161/bin/ar
ac_cv_prog_AWK=mawk
ac_cv_prog_CC='/home/account3/os161/toolbuild/buildgcc/./gcc/xgcc -B/home/account3/os161/toolbuild/buildgcc/./gcc/ -B/home/account3/os161/tools/mips-harvard-os161/bin/ -B/home/account3/os161/tools/mips-harvard-os161/lib/ -isystem /home/account3/os161/tools/mips-harvard-os161/include -isystem /home/account3/os161/tools/mips-harvard-os161/sys-include   '
ac_cv_prog_CPP='/home/account3/os161/toolbuild/buildgcc/./gcc/xgcc -B/home/account3/os161/toolbuild/buildgcc/./gcc/ -B/home/account3/os161/tools/mips-harvard-os161/bin/ -B/home/account3/os161/tools/mips-harvard-os161/lib/ -isystem /home/account3/os161/tools/mips-harvard-os161/include -isystem /home/account3/os161/tools/mips-harvard-os161/sys-include    -E'
ac_cv_prog_MAKEINFO='/home/account3/os161/toolbuild/gcc-4.8.3+os161-2.1/missing makeinfo --split-size=5000000'
ac_cv_prog_OBJDUMP=/home/account3/os161/tools/mips-harvard-os161/bin/objdump
ac_cv_prog_RANLIB=/home/account3/os161/tools/mips-harvard-os161/bin/ranlib
ac_cv_prog_STRIP=/home/account3/os161/tools/mips-harvard-os161/bin/strip
ac_cv_prog_cc__home_account3_os161_toolbuild_buildgcc___gcc_xgcc_c_o=yes
ac_cv_prog_cc_c89=no
ac_cv_prog_cc_g=yes
ac_cv_prog_make_make_set=yes
ac_cv_safe_to_define___extensions__=no
ac_cv_target=mips-harvard-os161
am_cv_CC_dependencies_compiler_type=gcc3
gcc_cv_prog_makeinfo_modern=no
libgfor_cv_have_math_h_signgam=no
libquad_cv_have_float128=no
lt_cv_deplibs_check_method=unknown
lt_cv_file_magic_cmd='$MAGIC_CMD'
lt_cv_file_magic_test_file=
lt_cv_ld_reload_flag=-r
lt_cv_nm_interface='BSD nm'
lt_cv_objdir=.libs
lt_cv_path_LD=/home/account3/os161/toolbuild/buildgcc/./gcc/collect-ld
lt_cv_path_NM=/home/account3/os161/toolbuild/buildgcc/./gcc/nm
lt_cv_prog_compiler_c_o=yes
lt_cv_prog_compiler_pic_works=yes
lt_cv_prog_compiler_rtti_exceptions=no
lt_cv_prog_compiler_static_works=no
lt_cv_prog_gnu_ld=yes
lt_cv_sys_global_symbol_pipe=
lt_cv_sys_global_symbol_to_c_name_address='sed -n -e '\''s/^: \([^ ]*\) $/  {\"\1\", (void *) 0},/p'\'' -e '\''s/^[ABCDGIRSTW]* \([^ ]*\) \([^ ]*\)$/  {"\2", (void *) \&\2},/p'\'''
lt_cv_sys_global_symbol_to_c_name_address_lib_prefix='sed -n -e '\''s/^: \([^ ]*\) $/  {\"\1\", (void *) 0},/p'\'' -e '\''s/^[ABCDGIRSTW]* \([^ ]*\) \(lib[^ ]*\)$/  {"\2", (void *) \&\2},/p'\'' -e '\''s/^[ABCDGIRSTW]* \([^ ]*\) \([^ ]*\)$/  {"lib\2", (void *) \&\2},/p'\'''
lt_cv_sys_global_symbol_to_cdecl=
lt_cv_sys_max_cmd_len=1572864

## ----------------- ##
## Output variables. ##
## ----------------- ##

ACLOCAL='${SHELL} /home/account3/os161/toolbuild/gcc-4.8.3+os161-2.1/missing --run aclocal-1.11'
AMDEPBACKSLASH='\'
AMDEP_FALSE='#'
AMDEP_TRUE=''
AMTAR='${SHELL} /home/account3/os161/toolbuild/gcc-4.8.3+os161-2.1/missing --run tar'
AR='/home/account3/os161/tools/mips-harvard-os161/bin/ar'
AUTOCONF='${SHELL} /home/account3/os161/toolbuild/gcc-4.8.3+os161-2.1/missing --run autoconf'
AUTOHEADER='${SHELL} /home/account3/os161/toolbuild/gcc-4.8.3+os161-2.1/missing --run autoheader'
AUTOMAKE='${SHELL} /home/account3/os161/toolbuild/gcc-4.8.3+os161-2.1/missing --run automake-1.11'
AWK='mawk'
BUILD_INFO_FALSE=''
BUILD_INFO_TRUE='#'
BUILD_LIBQUADMATH_FALSE=''
BUILD_LIBQUADMATH_TRUE='#'
CC='/home/account3/os161/toolbuild/buildgcc/./gcc/xgcc -B/home/account3/os161/toolbuild/buildgcc/./gcc/ -B/home/account3/os161/tools/mips-harvard-os161/bin/ -B/home/account3/os161/tools/mips-harvard-os161/lib/ -isystem /home/account3/os161/tools/mips-harvard-os161/include -isystem /home/account3/os161/tools/mips-harvard-os161/sys-include   '
CCDEPMODE='depmode=gcc3'
CFLAGS='-g -O2'
CPP='/home/account3/os161/toolbuild/buildgcc/./gcc/xgcc -B/home/account3/os161/toolbuild/buildgcc/./gcc/ -B/home/account3/os161/tools/mips-harvard-os161/bin/ -B/home/account3/os161/tools/mips-harvard-os161/lib/ -isystem /home/account3/os161/tools/mips-harvard-os161/include -isystem /home/account3/os161/tools/mips-harvard-os161/sys-include    -E'
CPPFLAGS=''
CYGPATH_W='echo'
DEFS='-DHAVE_CONFIG_H'
DEPDIR='.deps'
DSYMUTIL=''
DUMPBIN=''
ECHO_C=''
ECHO_N='-n'
ECHO_T=''
EGREP='/bin/grep -E'
EXEEXT=''
FGREP='/bin/grep -F'
GENINSRC_FALSE=''
GENINSRC_TRUE='#'
GREP='/bin/grep'
INSTALL_DATA='/usr/bin/install -c -m 644'
INSTALL_PROGRAM='/usr/bin/install -c'
INSTALL_SCRIPT='/usr/bin/install -c'
INSTALL_STRIP_PROGRAM='$(install_sh) -c -s'
LD='/home/account3/os161/toolbuild/buildgcc/./gcc/collect-ld'
LDFLAGS=''
LIBOBJS=''
LIBQUAD_USE_SYMVER_FALSE=''
LIBQUAD_USE_SYMVER_GNU_FALSE=''
LIBQUAD_USE_SYMVER_GNU_TRUE='#'
LIBQUAD_USE_SYMVER_SUN_FALSE=''
LIBQUAD_USE_SYMVER_SUN_TRUE='#'
LIBQUAD_USE_SYMVER_TRUE='#'
LIBS=''
LIBTOOL='$(SHELL) $(top_builddir)/libtool'
LIPO='mips-harvard-os161-lipo'
LN_S='ln -s'
LTLIBOBJS=''
MAINT='#'
MAINTAINER_MODE_FALSE=''
MAINTAINER_MODE_TRUE='#'
MAKEINFO='/bin/bash ../../../gcc-4.8.3+os161-2.1/libquadmath/../missing makeinfo'
MKDIR_P='/bin/mkdir -p'
NM='/home/account3/os161/toolbuild/buildgcc/./gcc/nm'
NMEDIT=''
OBJDUMP='/home/account3/os161/tools/mips-harvard-os161/bin/objdump'
OBJEXT='o'
OTOOL64=''
OTOOL=''
PACKAGE='libquadmath'
PACKAGE_BUGREPORT=''
PACKAGE_NAME='GCC Quad-precision Math Library'
PACKAGE_STRING='GCC Quad-precision Math Library 0.1'
PACKAGE_TARNAME='libquadmath'
PACKAGE_URL=''
PACKAGE_VERSION='0.1'
PATH_SEPARATOR=':'
RANLIB='/home/account3/os161/tools/mips-harvard-os161/bin/ranlib'
REPORT_BUGS_TEXI='@uref{http://gcc.gnu.org/bugs.html}'
REPORT_BUGS_TO='<http://gcc.gnu.org/bugs.html>'
SED='/bin/sed'
SET_MAKE=''
SHELL='/bin/bash'
STRIP='/home/account3/os161/tools/mips-harvard-os161/bin/strip'
VERSION='0.1'
ac_ct_CC=''
ac_ct_DUMPBIN=''
am__EXEEXT_FALSE=''
am__EXEEXT_TRUE='#'
am__fastdepCC_FALSE='#'
am__fastdepCC_TRUE=''
am__include='include'
am__isrc=' -I$(srcdir)'
am__leading_dot='.'
am__quote=''
am__tar='${AMTAR} chof - "$$tardir"'
am__untar='${AMTAR} xf -'
bindir='${exec_prefix}/bin'
build='x86_64-unknown-linux-gnu'
build_alias='x86_64-unknown-linux-gnu'
build_cpu='x86_64'
build_os='linux-gnu'
build_vendor='unknown'
datadir='${datarootdir}'
datarootdir='${prefix}/share'
docdir='${datarootdir}/doc/${PACKAGE_TARNAME}'
dvidir='${docdir}'
enable_shared='no'
enable_static='yes'
exec_prefix='${prefix}'
host='mips-harvard-os161'
host_alias='mips-harvard-os161'
host_cpu='mips'
host_os='os161'
host_vendor='harvard'
htmldir='${docdir}'
includedir='${prefix}/include'
infodir='${datarootdir}/info'
install_sh='${SHELL} /home/account3/os161/toolbuild/gcc-4.8.3+os161-2.1/install-sh'
libdir='${exec_prefix}/lib'
libexecdir='${exec_prefix}/libexec'
localedir='${datarootdir}/locale'
localstatedir='${prefix}/var'
lt_host_flags=''
mandir='${datarootdir}/man'
mkdir_p='/bin/mkdir -p'
multi_basedir='../../../gcc-4.8.3+os161-2.1/libquadmath/..'
oldincludedir='/usr/include'
pdfdir='${docdir}'
prefix='/home/account3/os161/tools'
program_transform_name='s&^&mips-harvard-os161-&'
psdir='${docdir}'
sbindir='${exec_prefix}/sbin'
sharedstatedir='${prefix}/com'
sysconfdir='${prefix}/etc'
target='mips-harvard-os161'
target_alias='mips-harvard-os161'
target_cpu='mips'
target_noncanonical='mips-harvard-os161'
target_os='os161'
target_vendor='harvard'
toolexecdir='$(exec_prefix)/$(target_alias)'
toolexeclibdir='$(toolexecdir)/lib'

## ----------- ##
## confdefs.h. ##
## ----------- ##

/* confdefs.h */
#define PACKAGE_NAME "GCC Quad-precision Math Library"
#define PACKAGE_TARNAME "libquadmath"
#define PACKAGE_VERSION "0.1"
#define PACKAGE_STRING "GCC Quad-precision Math Library 0.1"
#define PACKAGE_BUGREPORT ""
#define PACKAGE_URL ""
#define PACKAGE "libquadmath"
#define VERSION "0.1"
#define _ALL_SOURCE 1
#define _GNU_SOURCE 1
#define _POSIX_PTHREAD_SEMANTICS 1
#define _TANDEM_SOURCE 1
#define LT_OBJDIR ".libs/"
#define HAVE_HIDDEN_VISIBILITY 1

configure: exit 0
