This file contains any messages produced by compilers while
running configure, to aid debugging if configure makes a mistake.

It was created by configure, which was
generated by GNU Autoconf 2.64.  Invocation command line was

  $ /home/account3/os161/toolbuild/gdb-7.8+os161-2.1/gdb/configure --cache-file=./config.cache --with-system-zlib --prefix=/home/account3/os161/tools --program-transform-name=s&^&mips-harvard-os161-& --disable-option-checking --build=x86_64-unknown-linux-gnu --host=x86_64-unknown-linux-gnu --target=mips-harvard-os161 --srcdir=.././gdb

## --------- ##
## Platform. ##
## --------- ##

hostname = COP4610-11-Precision-Tower-5810
uname -m = x86_64
uname -r = 4.8.0-36-generic
uname -s = Linux
uname -v = #36~16.04.1-Ubuntu SMP Sun Feb 5 09:39:57 UTC 2017

/usr/bin/uname -p = unknown
/bin/uname -X     = unknown

/bin/arch              = unknown
/usr/bin/arch -k       = unknown
/usr/convex/getsysinfo = unknown
/usr/bin/hostinfo      = unknown
/bin/machine           = unknown
/usr/bin/oslevel       = unknown
/bin/universe          = unknown

PATH: /home/account3/os161/tools/bin
PATH: /usr/local/sbin
PATH: /usr/local/bin
PATH: /usr/sbin
PATH: /usr/bin
PATH: /sbin
PATH: /bin
PATH: /usr/games
PATH: /usr/local/games
PATH: /snap/bin
PATH: /home/account3/os161/tools/bin


## ----------- ##
## Core tests. ##
## ----------- ##

configure:2612: loading cache ./config.cache
configure:2699: checking whether to enable maintainer-specific portions of Makefiles
configure:2708: result: no
configure:2733: checking for x86_64-unknown-linux-gnu-gcc
configure:2760: result: gcc -std=gnu89
configure:3029: checking for C compiler version
configure:3038: gcc -std=gnu89 --version >&5
gcc (Ubuntu 5.4.0-6ubuntu1~16.04.4) 5.4.0 20160609
Copyright (C) 2015 Free Software Foundation, Inc.
This is free software; see the source for copying conditions.  There is NO
warranty; not even for MERCHANTABILITY or FITNESS FOR A PARTICULAR PURPOSE.

configure:3049: $? = 0
configure:3038: gcc -std=gnu89 -v >&5
Using built-in specs.
COLLECT_GCC=gcc
COLLECT_LTO_WRAPPER=/usr/lib/gcc/x86_64-linux-gnu/5/lto-wrapper
Target: x86_64-linux-gnu
Configured with: ../src/configure -v --with-pkgversion='Ubuntu 5.4.0-6ubuntu1~16.04.4' --with-bugurl=file:///usr/share/doc/gcc-5/README.Bugs --enable-languages=c,ada,c++,java,go,d,fortran,objc,obj-c++ --prefix=/usr --program-suffix=-5 --enable-shared --enable-linker-build-id --libexecdir=/usr/lib --without-included-gettext --enable-threads=posix --libdir=/usr/lib --enable-nls --with-sysroot=/ --enable-clocale=gnu --enable-libstdcxx-debug --enable-libstdcxx-time=yes --with-default-libstdcxx-abi=new --enable-gnu-unique-object --disable-vtable-verify --enable-libmpx --enable-plugin --with-system-zlib --disable-browser-plugin --enable-java-awt=gtk --enable-gtk-cairo --with-java-home=/usr/lib/jvm/java-1.5.0-gcj-5-amd64/jre --enable-java-home --with-jvm-root-dir=/usr/lib/jvm/java-1.5.0-gcj-5-amd64 --with-jvm-jar-dir=/usr/lib/jvm-exports/java-1.5.0-gcj-5-amd64 --with-arch-directory=amd64 --with-ecj-jar=/usr/share/java/eclipse-ecj.jar --enable-objc-gc --enable-multiarch --disable-werror --with-arch-32=i686 --with-abi=m64 --with-multilib-list=m32,m64,mx32 --enable-multilib --with-tune=generic --enable-checking=release --build=x86_64-linux-gnu --host=x86_64-linux-gnu --target=x86_64-linux-gnu
Thread model: posix
gcc version 5.4.0 20160609 (Ubuntu 5.4.0-6ubuntu1~16.04.4) 
configure:3049: $? = 0
configure:3038: gcc -std=gnu89 -V >&5
gcc: error: unrecognized command line option '-V'
gcc: fatal error: no input files
compilation terminated.
configure:3049: $? = 1
configure:3038: gcc -std=gnu89 -qversion >&5
gcc: error: unrecognized command line option '-qversion'
gcc: fatal error: no input files
compilation terminated.
configure:3049: $? = 1
configure:3069: checking for C compiler default output file name
configure:3091: gcc -std=gnu89 -g -O2  -static-libstdc++ -static-libgcc  conftest.c  >&5
configure:3095: $? = 0
configure:3132: result: a.out
configure:3148: checking whether the C compiler works
configure:3157: ./a.out
configure:3161: $? = 0
configure:3176: result: yes
configure:3183: checking whether we are cross compiling
configure:3185: result: no
configure:3188: checking for suffix of executables
configure:3195: gcc -std=gnu89 -o conftest -g -O2  -static-libstdc++ -static-libgcc  conftest.c  >&5
configure:3199: $? = 0
configure:3221: result: 
configure:3227: checking for suffix of object files
configure:3274: result: o
configure:3278: checking whether we are using the GNU C compiler
configure:3306: result: yes
configure:3315: checking whether gcc -std=gnu89 accepts -g
configure:3376: result: yes
configure:3393: checking for gcc -std=gnu89 option to accept ISO C89
configure:3470: result: none needed
configure:3496: checking how to run the C preprocessor
configure:3566: result: gcc -std=gnu89 -E
configure:3586: gcc -std=gnu89 -E  conftest.c
configure:3586: $? = 0
configure:3600: gcc -std=gnu89 -E  conftest.c
conftest.c:9:28: fatal error: ac_nonexistent.h: No such file or directory
compilation terminated.
configure:3600: $? = 1
configure: failed program was:
| /* confdefs.h */
| #define PACKAGE_NAME ""
| #define PACKAGE_TARNAME ""
| #define PACKAGE_VERSION ""
| #define PACKAGE_STRING ""
| #define PACKAGE_BUGREPORT ""
| #define PACKAGE_URL ""
| /* end confdefs.h.  */
| #include <ac_nonexistent.h>
configure:3629: checking for grep that handles long lines and -e
configure:3687: result: /bin/grep
configure:3692: checking for egrep
configure:3754: result: /bin/grep -E
configure:3759: checking for ANSI C header files
configure:3863: result: yes
configure:3876: checking for sys/types.h
configure:3876: result: yes
configure:3876: checking for sys/stat.h
configure:3876: result: yes
configure:3876: checking for stdlib.h
configure:3876: result: yes
configure:3876: checking for string.h
configure:3876: result: yes
configure:3876: checking for memory.h
configure:3876: result: yes
configure:3876: checking for strings.h
configure:3876: result: yes
configure:3876: checking for inttypes.h
configure:3876: result: yes
configure:3876: checking for stdint.h
configure:3876: result: yes
configure:3876: checking for unistd.h
configure:3876: result: yes
configure:3890: checking for minix/config.h
configure:3890: result: no
configure:3911: checking whether it is safe to define __EXTENSIONS__
configure:3936: result: yes
configure:3977: checking build system type
configure:3991: result: x86_64-unknown-linux-gnu
configure:4011: checking host system type
configure:4024: result: x86_64-unknown-linux-gnu
configure:4044: checking target system type
configure:4057: result: mips-harvard-os161
configure:4126: checking for special C compiler options needed for large files
configure:4171: result: no
configure:4177: checking for _FILE_OFFSET_BITS value needed for large files
configure:4234: result: no
configure:4321: checking for gcc -std=gnu89 option to accept ANSI C
configure:4389: result: none needed
configure:4566: checking dependency style of gcc -std=gnu89
configure:4651: result: gcc3
configure:4665: checking for make
configure:4692: result: make
configure:4717: checking whether make sets $(MAKE)
configure:4739: result: yes
configure:4818: === configuring in build-gnulib (/home/account3/os161/toolbuild/gdb-7.8+os161-2.1/gdb/build-gnulib)
configure:4840: running /bin/bash .././gnulib/configure --disable-option-checking '--prefix=/home/account3/os161/tools'  '--with-system-zlib' '--program-transform-name=s&^&mips-harvard-os161-&' '--build=x86_64-unknown-linux-gnu' '--host=x86_64-unknown-linux-gnu' '--target=mips-harvard-os161' 'build_alias=x86_64-unknown-linux-gnu' 'host_alias=x86_64-unknown-linux-gnu' 'target_alias=mips-harvard-os161' 'CC=gcc -std=gnu89' 'CFLAGS=-g -O2' 'LDFLAGS=-static-libstdc++ -static-libgcc ' 'MAKEINFO=/home/account3/os161/toolbuild/gdb-7.8+os161-2.1/missing makeinfo --split-size=5000000' 'YACC=/home/account3/os161/toolbuild/gdb-7.8+os161-2.1/missing bison -y' --cache-file=./config.cache --srcdir=.././gnulib
configure:4874: checking whether NLS is requested
configure:4880: result: yes
configure:4886: checking for catalogs to be installed
configure:4918: result: 
configure:4965: checking whether /home/account3/os161/toolbuild/gdb-7.8+os161-2.1/missing makeinfo --split-size=5000000 supports @click
configure:4977: result: no
configure:5117: checking for default auto-load directory
configure:5139: result: $debugdir:$datadir/auto-load
configure:5142: checking for default auto-load safe-path
configure:5166: result: $debugdir:$datadir/auto-load
configure:5460: checking for libunwind-ia64.h
configure:5460: result: no
configure:5528: checking for monstartup
configure:5528: result: yes
configure:5528: checking for _mcleanup
configure:5528: result: yes
configure:5538: checking for _etext
configure:5564: result: yes
configure:5571: checking for etext
configure:5597: result: yes
configure:5709: checking for gawk
configure:5736: result: mawk
configure:5761: checking for a BSD-compatible install
configure:5829: result: /usr/bin/install -c
configure:5840: checking whether ln -s works
configure:5844: result: yes
configure:5854: checking for x86_64-unknown-linux-gnu-ranlib
configure:5881: result: ranlib
configure:5947: checking for bison
configure:5974: result: /home/account3/os161/toolbuild/gdb-7.8+os161-2.1/missing bison -y
configure:5990: checking for x86_64-unknown-linux-gnu-ar
configure:6017: result: ar
configure:6082: checking for x86_64-unknown-linux-gnu-dlltool
configure:6109: result: dlltool
configure:6174: checking for x86_64-unknown-linux-gnu-windres
configure:6201: result: windres
configure:6370: checking for main in -lm
configure:6398: result: yes
configure:6414: checking for wctype
configure:6414: result: yes
configure:6467: checking for library containing gethostbyname
configure:6515: result: none required
configure:6525: checking for library containing socketpair
configure:6573: result: none required
configure:6595: checking for library containing zlibVersion
configure:6643: result: no
configure:6669: checking for library containing dlgetmodinfo
configure:6717: result: no
configure:6743: checking for iconv
configure:6850: result: yes
configure:6874: checking for iconv declaration
configure:6914: result: install-shextern size_t iconv (iconv_t cd, char * *inbuf, size_t *inbytesleft, char * *outbuf, size_t *outbytesleft);
configure:7017: checking for library containing waddstr
configure:7065: result: -lncurses
configure:7119: checking for library containing tgetent
configure:7167: result: none required
configure:7212: checking size of unsigned long long
configure:7232: result: 8
configure:7246: checking size of unsigned long
configure:7266: result: 8
configure:7280: checking size of unsigned __int128
configure:7300: result: 16
configure:7325: checking for library containing dlopen
configure:7373: result: -ldl
configure:7437: checking whether to use expat
configure:7439: result: auto
configure:7487: checking for ld used by GCC
configure:7550: result: ld
configure:7557: checking if the linker (ld) is GNU ld
configure:7569: result: yes
configure:7575: checking for shared library run path origin
configure:7588: result: done
configure:8015: checking for libexpat
configure:8044: result: no
configure:8071: WARNING: expat is missing or unusable; some features may be unavailable.
configure:8108: checking whether to use python
configure:8110: result: auto
configure:8159: checking for python
configure:8190: result: /usr/bin/python
configure:8328: checking for python2.7
configure:8346: gcc -std=gnu89 -o conftest -g -O2   -I/usr/include/python2.7 -I/usr/include/python2.7 -static-libstdc++ -static-libgcc  conftest.c -ldl -lncurses -lm    -lpthread -ldl -lutil -lm -lpython2.7 -Xlinker -export-dynamic -Wl,-O1 -Wl,-Bsymbolic-functions >&5
conftest.c:49:20: fatal error: Python.h: No such file or directory
compilation terminated.
configure:8346: $? = 1
configure: failed program was:
| /* confdefs.h */
| #define PACKAGE_NAME ""
| #define PACKAGE_TARNAME ""
| #define PACKAGE_VERSION ""
| #define PACKAGE_STRING ""
| #define PACKAGE_BUGREPORT ""
| #define PACKAGE_URL ""
| #define STDC_HEADERS 1
| #define HAVE_SYS_TYPES_H 1
| #define HAVE_SYS_STAT_H 1
| #define HAVE_STDLIB_H 1
| #define HAVE_STRING_H 1
| #define HAVE_MEMORY_H 1
| #define HAVE_STRINGS_H 1
| #define HAVE_INTTYPES_H 1
| #define HAVE_STDINT_H 1
| #define HAVE_UNISTD_H 1
| #define __EXTENSIONS__ 1
| #define _ALL_SOURCE 1
| #define _GNU_SOURCE 1
| #define _POSIX_PTHREAD_SEMANTICS 1
| #define _TANDEM_SOURCE 1
| #define ENABLE_NLS 1
| #define PACKAGE "gdb"
| #define DEBUGDIR "/home/account3/os161/tools/lib/debug"
| #define DEBUGDIR_RELOCATABLE 1
| #define BINDIR "/home/account3/os161/tools/bin"
| #define GDB_DATADIR "/home/account3/os161/tools/share/gdb"
| #define GDB_DATADIR_RELOCATABLE 1
| #define AUTO_LOAD_DIR "$debugdir:$datadir/auto-load"
| #define AUTO_LOAD_SAFE_PATH "$debugdir:$datadir/auto-load"
| #define DEFAULT_BFD_ARCH bfd_mips_arch
| #define DEFAULT_BFD_VEC mips_elf32_trad_be_vec
| #define HAVE_MONSTARTUP 1
| #define HAVE__MCLEANUP 1
| #define HAVE__ETEXT 1
| #define HAVE_ETEXT 1
| #define PKGVERSION "(GDB) "
| #define REPORT_BUGS_TO "<http://www.gnu.org/software/gdb/bugs/>"
| #define HAVE_LIBM 1
| #define HAVE_ICONV 1
| #define ICONV_CONST 
| #define SIZEOF_UNSIGNED_LONG_LONG 8
| #define SIZEOF_UNSIGNED_LONG 8
| #define SIZEOF_UNSIGNED___INT128 16
| #define JIT_READER_DIR "/home/account3/os161/tools/lib/gdb"
| #define JIT_READER_DIR_RELOCATABLE 1
| /* end confdefs.h.  */
| #include "Python.h"
| int
| main ()
| {
| Py_Initialize ();
|   ;
|   return 0;
| }
configure:8356: result: no
configure:8542: WARNING: python is missing or unusable; some features may be unavailable.
configure:8720: checking whether to use guile
configure:8722: result: auto
configure:8727: checking for pkg-config
configure:8758: result: /usr/bin/pkg-config
configure:8785: checking for usable guile from /usr/bin/pkg-config
configure:8846: result: no
configure:9194: checking for gc/gc.h
configure:9194: result: no
configure:9206: checking for setenv
configure:9206: result: yes
configure:9299: checking for ANSI C header files
configure:9403: result: yes
configure:9423: checking for nlist.h
configure:9423: result: no
configure:9423: checking for machine/reg.h
configure:9423: result: no
configure:9423: checking for poll.h
configure:9423: result: yes
configure:9423: checking for sys/poll.h
configure:9423: result: yes
configure:9423: checking for proc_service.h
configure:9423: result: no
configure:9423: checking for thread_db.h
configure:9423: result: yes
configure:9423: checking for sys/fault.h
configure:9423: result: no
configure:9423: checking for sys/file.h
configure:9423: result: yes
configure:9423: checking for sys/filio.h
configure:9423: result: no
configure:9423: checking for sys/ioctl.h
configure:9423: result: yes
configure:9423: checking for sys/param.h
configure:9423: result: yes
configure:9423: checking for sys/resource.h
configure:9423: result: yes
configure:9423: checking for sys/procfs.h
configure:9423: result: yes
configure:9423: checking for sys/ptrace.h
configure:9423: result: yes
configure:9423: checking for ptrace.h
configure:9423: result: no
configure:9423: checking for sys/reg.h
configure:9423: result: yes
configure:9423: checking for sys/debugreg.h
configure:9423: result: yes
configure:9423: checking for sys/select.h
configure:9423: result: yes
configure:9423: checking for sys/syscall.h
configure:9423: result: yes
configure:9423: checking for sys/un.h
configure:9423: result: yes
configure:9423: checking for termios.h
configure:9423: result: yes
configure:9423: checking for termio.h
configure:9423: result: yes
configure:9423: checking for sgtty.h
configure:9423: result: yes
configure:9423: checking for elf_hp.h
configure:9423: result: no
configure:9423: checking for dlfcn.h
configure:9423: result: yes
configure:9436: checking for sys/proc.h
configure:9436: result: no
configure:9452: checking for sys/user.h
configure:9452: result: yes
configure:9481: checking for curses.h
configure:9481: result: yes
configure:9481: checking for cursesX.h
configure:9481: result: no
configure:9481: checking for ncurses.h
configure:9481: result: yes
configure:9481: checking for ncurses/ncurses.h
configure:9481: result: no
configure:9481: checking for ncurses/term.h
configure:9481: result: no
configure:9494: checking for term.h
configure:9494: result: yes
configure:9513: checking whether free is declared
configure:9513: result: yes
configure:9523: checking whether malloc is declared
configure:9523: result: yes
configure:9533: checking whether realloc is declared
configure:9533: result: yes
configure:9543: checking whether snprintf is declared
configure:9543: result: yes
configure:9555: checking for LC_MESSAGES
configure:9579: result: yes
configure:9592: checking for struct stat.st_blocks
configure:9592: result: yes
configure:9601: checking for struct stat.st_blksize
configure:9601: result: yes
configure:9611: checking for struct sockaddr_un.sun_len
configure:9611: result: no
configure:9627: checking return type of signal handlers
configure:9652: result: void
configure:9660: checking for socklen_t
configure:9660: result: yes
configure:9678: checking for an ANSI C-conforming const
configure:9750: result: yes
configure:9758: checking for inline
configure:9782: result: inline
configure:9800: checking whether byte ordering is bigendian
configure:10006: result: no
configure:10031: checking for working alloca.h
configure:10056: result: yes
configure:10064: checking for alloca
configure:10109: result: yes
configure:10222: checking for stdlib.h
configure:10222: result: yes
configure:10222: checking for unistd.h
configure:10222: result: yes
configure:10235: checking for getpagesize
configure:10235: result: yes
configure:10244: checking for working mmap
configure:10391: result: yes
configure:10400: checking for pid_t
configure:10400: result: yes
configure:10413: checking for vfork.h
configure:10413: result: no
configure:10426: checking for fork
configure:10426: result: yes
configure:10426: checking for vfork
configure:10426: result: yes
configure:10437: checking for working fork
configure:10469: result: yes
configure:10490: checking for working vfork
configure:10600: result: yes
configure:10634: checking for canonicalize_file_name
configure:10634: result: yes
configure:10634: checking for realpath
configure:10634: result: yes
configure:10634: checking for getrusage
configure:10634: result: yes
configure:10634: checking for getuid
configure:10634: result: yes
configure:10634: checking for getgid
configure:10634: result: yes
configure:10634: checking for pipe
configure:10634: result: yes
configure:10634: checking for poll
configure:10634: result: yes
configure:10634: checking for pread
configure:10634: result: yes
configure:10634: checking for pread64
configure:10634: result: yes
configure:10634: checking for pwrite
configure:10634: result: yes
configure:10634: checking for readlink
configure:10634: result: yes
configure:10634: checking for resize_term
configure:10634: result: yes
configure:10634: checking for sbrk
configure:10634: result: yes
configure:10634: checking for setpgid
configure:10634: result: yes
configure:10634: checking for setpgrp
configure:10634: result: yes
configure:10634: checking for setsid
configure:10634: result: yes
configure:10634: checking for sigaction
configure:10634: result: yes
configure:10634: checking for sigprocmask
configure:10634: result: yes
configure:10634: checking for sigsetmask
configure:10634: result: yes
configure:10634: checking for socketpair
configure:10634: result: yes
configure:10634: checking for ttrace
configure:10634: result: no
configure:10634: checking for wborder
configure:10634: result: yes
configure:10634: checking for wresize
configure:10634: result: yes
configure:10634: checking for setlocale
configure:10634: result: yes
configure:10634: checking for iconvlist
configure:10634: result: no
configure:10634: checking for libiconvlist
configure:10634: result: no
configure:10634: checking for btowc
configure:10634: result: yes
configure:10634: checking for setrlimit
configure:10634: result: yes
configure:10634: checking for getrlimit
configure:10634: result: yes
configure:10634: checking for posix_madvise
configure:10634: result: yes
configure:10634: checking for waitpid
configure:10634: result: yes
configure:10634: checking for lstat
configure:10634: result: yes
configure:10634: checking for ptrace64
configure:10634: result: no
configure:10645: checking for nl_langinfo and CODESET
configure:10670: result: yes
configure:10679: checking for ANSI C header files
configure:10783: result: yes
configure:10793: checking for working alloca.h
configure:10818: result: yes
configure:10826: checking for alloca
configure:10871: result: yes
configure:10983: checking for nl_langinfo and CODESET
configure:11008: result: yes
configure:11020: checking for linux/perf_event.h
configure:11020: result: yes
configure:11020: checking for locale.h
configure:11020: result: yes
configure:11020: checking for memory.h
configure:11020: result: yes
configure:11020: checking for signal.h
configure:11020: result: yes
configure:11020: checking for sys/resource.h
configure:11020: result: yes
configure:11020: checking for sys/socket.h
configure:11020: result: yes
configure:11020: checking for sys/syscall.h
configure:11020: result: yes
configure:11020: checking for sys/un.h
configure:11020: result: yes
configure:11020: checking for sys/wait.h
configure:11020: result: yes
configure:11020: checking for thread_db.h
configure:11020: result: yes
configure:11020: checking for wait.h
configure:11020: result: yes
configure:11035: checking for fdwalk
configure:11035: result: no
configure:11035: checking for getrlimit
configure:11035: result: yes
configure:11035: checking for pipe
configure:11035: result: yes
configure:11035: checking for pipe2
configure:11035: result: yes
configure:11035: checking for socketpair
configure:11035: result: yes
configure:11046: checking whether strerror is declared
configure:11046: result: yes
configure:11056: checking whether strstr is declared
configure:11056: result: yes
configure:11081: checking whether ptrace is declared
configure:11081: result: yes
configure:11103: checking return type of ptrace
configure:11142: result: long
configure:11150: checking types of arguments for ptrace
configure:11226: result: int,int,long,long
configure:11251: checking whether setpgrp takes no argument
configure:11283: result: yes
configure:11332: checking for sigsetjmp
configure:11357: result: yes
configure:11370: checking for GNU regex
configure:11396: result: yes
configure:11417: checking for struct thread.td_pcb
configure:11417: result: no
configure:11432: checking for struct lwp
configure:11456: result: no
configure:11465: checking for struct reg in machine/reg.h
configure:11489: result: no
configure:11499: checking for struct reg.r_fs
configure:11499: result: no
configure:11509: checking for struct reg.r_gs
configure:11509: result: no
configure:11524: checking for struct user_regs_struct.fs_base
configure:11524: result: yes
configure:11534: checking for struct user_regs_struct.gs_base
configure:11534: result: yes
configure:11547: checking for PTRACE_GETREGS
configure:11571: result: yes
configure:11580: checking for PTRACE_GETFPXREGS
configure:11604: result: yes
configure:11613: checking for PT_GETDBREGS
configure:11638: result: no
configure:11647: checking for PT_GETXMMREGS
configure:11672: result: no
configure:11704: checking for gregset_t in sys/procfs.h
configure:11738: result: no
configure:11741: checking for fpregset_t in sys/procfs.h
configure:11775: result: no
configure:11778: checking for prgregset_t in sys/procfs.h
configure:11812: result: yes
configure:11815: checking for prfpregset_t in sys/procfs.h
configure:11849: result: yes
configure:11852: checking for prgregset32_t in sys/procfs.h
configure:11886: result: no
configure:11889: checking for lwpid_t in sys/procfs.h
configure:11923: result: yes
configure:11926: checking for psaddr_t in sys/procfs.h
configure:11960: result: yes
configure:11963: checking for prsysent_t in sys/procfs.h
configure:11997: result: no
configure:12000: checking for pr_sigset_t in sys/procfs.h
configure:12034: result: no
configure:12037: checking for pr_sigaction64_t in sys/procfs.h
configure:12071: result: no
configure:12074: checking for pr_siginfo64_t in sys/procfs.h
configure:12108: result: no
configure:12116: checking whether prfpregset_t type is broken
configure:12145: result: no
configure:12157: checking for long long support in compiler
configure:12180: result: yes
configure:12189: checking for long long support in printf
configure:12225: result: yes
configure:12235: checking for decfloat support in printf
configure:12269: result: no
configure:12282: checking for long double support in compiler
configure:12298: result: yes
configure:12308: checking for long double support in printf
configure:12340: result: yes
configure:12350: checking for long double support in scanf
configure:12382: result: yes
configure:12433: checking for the dynamic export flag
configure:12508: result: -rdynamic
configure:12675: checking whether <thread_db.h> has TD_NOTALLOC
configure:12700: result: yes
configure:12702: checking whether <thread_db.h> has TD_VERSION
configure:12727: result: yes
configure:12729: checking whether <thread_db.h> has TD_NOTLS
configure:12754: result: yes
configure:12774: checking whether <sys/syscall.h> has __NR_tkill
configure:12799: result: yes
configure:12803: checking for syscall
configure:12803: result: yes
configure:12813: checking whether ADDR_NO_RANDOMIZE is declared
configure:12813: result: yes
configure:12871: gcc -std=gnu89 -o conftest -g -O2   -static-libstdc++ -static-libgcc  conftest.c -ldl -lncurses -lm    >&5
configure:12871: $? = 0
configure:12871: ./conftest
configure:12871: $? = 0
configure:13066: checking compiler warning flags
configure:13087: gcc -std=gnu89 -c -g -O2 -Wall   conftest.c >&5
configure:13087: $? = 0
configure:13087: gcc -std=gnu89 -c -g -O2 -Wdeclaration-after-statement   conftest.c >&5
configure:13087: $? = 0
configure:13087: gcc -std=gnu89 -c -g -O2 -Wpointer-arith   conftest.c >&5
configure:13087: $? = 0
configure:13087: gcc -std=gnu89 -c -g -O2 -Wpointer-sign   conftest.c >&5
configure:13087: $? = 0
configure:13087: gcc -std=gnu89 -c -g -O2 -Wno-unused   conftest.c >&5
configure:13087: $? = 0
configure:13087: gcc -std=gnu89 -c -g -O2 -Wunused-value   conftest.c >&5
configure:13087: $? = 0
configure:13087: gcc -std=gnu89 -c -g -O2 -Wunused-function   conftest.c >&5
configure:13087: $? = 0
configure:13087: gcc -std=gnu89 -c -g -O2 -Wno-switch   conftest.c >&5
configure:13087: $? = 0
configure:13087: gcc -std=gnu89 -c -g -O2 -Wno-char-subscripts   conftest.c >&5
configure:13087: $? = 0
configure:13087: gcc -std=gnu89 -c -g -O2 -Wmissing-prototypes   conftest.c >&5
configure:13087: $? = 0
configure:13087: gcc -std=gnu89 -c -g -O2 -Wdeclaration-after-statement   conftest.c >&5
configure:13087: $? = 0
configure:13087: gcc -std=gnu89 -c -g -O2 -Wempty-body   conftest.c >&5
configure:13087: $? = 0
configure:13087: gcc -std=gnu89 -c -g -O2 -Wmissing-parameter-type   conftest.c >&5
configure:13087: $? = 0
configure:13087: gcc -std=gnu89 -c -g -O2 -Wold-style-declaration   conftest.c >&5
configure:13087: $? = 0
configure:13087: gcc -std=gnu89 -c -g -O2 -Wold-style-definition   conftest.c >&5
conftest.c: In function 'main':
conftest.c:174:1: warning: old-style function definition [-Wold-style-definition]
 main ()
 ^
configure:13087: $? = 0
configure:13087: gcc -std=gnu89 -c -g -O2 -Wformat-nonliteral   conftest.c >&5
configure:13087: $? = 0
configure:13094: result:  -Wall -Wdeclaration-after-statement -Wpointer-arith -Wpointer-sign -Wno-unused -Wunused-value -Wunused-function -Wno-switch -Wno-char-subscripts -Wmissing-prototypes -Wdeclaration-after-statement -Wempty-body -Wmissing-parameter-type -Wold-style-declaration -Wold-style-definition -Wformat-nonliteral 
configure:13101: checking for cygwin
configure:13122: result: no
configure:13226: checking for ELF support in BFD
configure:13253: result: yes
configure:13395: checking for Mach-O support in BFD
configure:13422: result: no
configure:13502: checking for SOM support in BFD
configure:13529: result: no
configure:13551: checking whether to use lzma
configure:13553: result: auto
configure:13967: checking for liblzma
configure:13998: result: no
configure:14554: checking for X
configure:14732: result: no
configure:14911: checking whether to use babeltrace
configure:14913: result: auto
configure:15338: checking for libbabeltrace
configure:15376: result: no
configure:15405: WARNING: babeltrace is missing or unusable; GDB is unable to read CTF data.
configure:15587: creating ./config.status

## ---------------------- ##
## Running config.status. ##
## ---------------------- ##

This file was extended by config.status, which was
generated by GNU Autoconf 2.64.  Invocation command line was

  CONFIG_FILES    = 
  CONFIG_HEADERS  = 
  CONFIG_LINKS    = 
  CONFIG_COMMANDS = 
  $ ./config.status 

on COP4610-11-Precision-Tower-5810

config.status:1160: creating jit-reader.h
config.status:1160: creating gcore
config.status:1160: creating Makefile
config.status:1160: creating gdb-gdb.gdb
config.status:1160: creating doc/Makefile
config.status:1160: creating data-directory/Makefile
config.status:1160: creating config.h
config.status:1331: config.h is unchanged
config.status:1376: executing depdir commands
config.status:1376: executing default commands
configure:16915: === configuring in testsuite (/home/account3/os161/toolbuild/gdb-7.8+os161-2.1/gdb/testsuite)
configure:16978: running /bin/bash ./configure --disable-option-checking '--prefix=/home/account3/os161/tools'  '--with-system-zlib' '--program-transform-name=s&^&mips-harvard-os161-&' '--build=x86_64-unknown-linux-gnu' '--host=x86_64-unknown-linux-gnu' '--target=mips-harvard-os161' 'build_alias=x86_64-unknown-linux-gnu' 'host_alias=x86_64-unknown-linux-gnu' 'target_alias=mips-harvard-os161' 'CC=gcc -std=gnu89' 'CFLAGS=-g -O2' 'LDFLAGS=-static-libstdc++ -static-libgcc ' 'MAKEINFO=/home/account3/os161/toolbuild/gdb-7.8+os161-2.1/missing makeinfo --split-size=5000000' 'YACC=/home/account3/os161/toolbuild/gdb-7.8+os161-2.1/missing bison -y' --cache-file=.././config.cache --srcdir=.

## ---------------- ##
## Cache variables. ##
## ---------------- ##

ac_cv_build=x86_64-unknown-linux-gnu
ac_cv_c_bigendian=no
ac_cv_c_compiler_gnu=yes
ac_cv_c_const=yes
ac_cv_c_inline=inline
ac_cv_env_CC_set=set
ac_cv_env_CC_value='gcc -std=gnu89'
ac_cv_env_CFLAGS_set=set
ac_cv_env_CFLAGS_value='-g -O2'
ac_cv_env_CPPFLAGS_set=
ac_cv_env_CPPFLAGS_value=
ac_cv_env_CPP_set=
ac_cv_env_CPP_value=
ac_cv_env_LDFLAGS_set=set
ac_cv_env_LDFLAGS_value='-static-libstdc++ -static-libgcc '
ac_cv_env_LIBS_set=
ac_cv_env_LIBS_value=
ac_cv_env_MAKEINFOFLAGS_set=
ac_cv_env_MAKEINFOFLAGS_value=
ac_cv_env_MAKEINFO_set=set
ac_cv_env_MAKEINFO_value='/home/account3/os161/toolbuild/gdb-7.8+os161-2.1/missing makeinfo --split-size=5000000'
ac_cv_env_XMKMF_set=
ac_cv_env_XMKMF_value=
ac_cv_env_YACC_set=set
ac_cv_env_YACC_value='/home/account3/os161/toolbuild/gdb-7.8+os161-2.1/missing bison -y'
ac_cv_env_YFLAGS_set=
ac_cv_env_YFLAGS_value=
ac_cv_env_build_alias_set=set
ac_cv_env_build_alias_value=x86_64-unknown-linux-gnu
ac_cv_env_host_alias_set=set
ac_cv_env_host_alias_value=x86_64-unknown-linux-gnu
ac_cv_env_target_alias_set=set
ac_cv_env_target_alias_value=mips-harvard-os161
ac_cv_func__mcleanup=yes
ac_cv_func_alloca_works=yes
ac_cv_func_btowc=yes
ac_cv_func_canonicalize_file_name=yes
ac_cv_func_fdwalk=no
ac_cv_func_fork=yes
ac_cv_func_fork_works=yes
ac_cv_func_getgid=yes
ac_cv_func_getpagesize=yes
ac_cv_func_getrlimit=yes
ac_cv_func_getrusage=yes
ac_cv_func_getuid=yes
ac_cv_func_iconvlist=no
ac_cv_func_libiconvlist=no
ac_cv_func_lstat=yes
ac_cv_func_mmap_fixed_mapped=yes
ac_cv_func_monstartup=yes
ac_cv_func_pipe2=yes
ac_cv_func_pipe=yes
ac_cv_func_poll=yes
ac_cv_func_posix_madvise=yes
ac_cv_func_pread64=yes
ac_cv_func_pread=yes
ac_cv_func_ptrace64=no
ac_cv_func_pwrite=yes
ac_cv_func_readlink=yes
ac_cv_func_realpath=yes
ac_cv_func_resize_term=yes
ac_cv_func_sbrk=yes
ac_cv_func_setenv=yes
ac_cv_func_setlocale=yes
ac_cv_func_setpgid=yes
ac_cv_func_setpgrp=yes
ac_cv_func_setpgrp_void=yes
ac_cv_func_setrlimit=yes
ac_cv_func_setsid=yes
ac_cv_func_sigaction=yes
ac_cv_func_sigprocmask=yes
ac_cv_func_sigsetmask=yes
ac_cv_func_socketpair=yes
ac_cv_func_syscall=yes
ac_cv_func_ttrace=no
ac_cv_func_vfork=yes
ac_cv_func_vfork_works=yes
ac_cv_func_waitpid=yes
ac_cv_func_wborder=yes
ac_cv_func_wctype=yes
ac_cv_func_wresize=yes
ac_cv_have_decl_ADDR_NO_RANDOMIZE=yes
ac_cv_have_decl_free=yes
ac_cv_have_decl_malloc=yes
ac_cv_have_decl_ptrace=yes
ac_cv_have_decl_realloc=yes
ac_cv_have_decl_snprintf=yes
ac_cv_have_decl_strerror=yes
ac_cv_have_decl_strstr=yes
ac_cv_have_x=have_x=no
ac_cv_header_cursesX_h=no
ac_cv_header_curses_h=yes
ac_cv_header_dlfcn_h=yes
ac_cv_header_elf_hp_h=no
ac_cv_header_gc_gc_h=no
ac_cv_header_inttypes_h=yes
ac_cv_header_libunwind_ia64_h=no
ac_cv_header_linux_perf_event_h=yes
ac_cv_header_locale_h=yes
ac_cv_header_machine_reg_h=no
ac_cv_header_memory_h=yes
ac_cv_header_minix_config_h=no
ac_cv_header_ncurses_h=yes
ac_cv_header_ncurses_ncurses_h=no
ac_cv_header_ncurses_term_h=no
ac_cv_header_nlist_h=no
ac_cv_header_poll_h=yes
ac_cv_header_proc_service_h=no
ac_cv_header_pthread_h=yes
ac_cv_header_ptrace_h=no
ac_cv_header_sgtty_h=yes
ac_cv_header_signal_h=yes
ac_cv_header_stdc=yes
ac_cv_header_stdint_h=yes
ac_cv_header_stdlib_h=yes
ac_cv_header_string_h=yes
ac_cv_header_strings_h=yes
ac_cv_header_sys_debugreg_h=yes
ac_cv_header_sys_fault_h=no
ac_cv_header_sys_file_h=yes
ac_cv_header_sys_filio_h=no
ac_cv_header_sys_ioctl_h=yes
ac_cv_header_sys_param_h=yes
ac_cv_header_sys_poll_h=yes
ac_cv_header_sys_proc_h=no
ac_cv_header_sys_procfs_h=yes
ac_cv_header_sys_ptrace_h=yes
ac_cv_header_sys_reg_h=yes
ac_cv_header_sys_resource_h=yes
ac_cv_header_sys_select_h=yes
ac_cv_header_sys_socket_h=yes
ac_cv_header_sys_stat_h=yes
ac_cv_header_sys_syscall_h=yes
ac_cv_header_sys_types_h=yes
ac_cv_header_sys_un_h=yes
ac_cv_header_sys_user_h=yes
ac_cv_header_sys_wait_h=yes
ac_cv_header_term_h=yes
ac_cv_header_termio_h=yes
ac_cv_header_termios_h=yes
ac_cv_header_thread_db_h=yes
ac_cv_header_unistd_h=yes
ac_cv_header_vfork_h=no
ac_cv_header_wait_h=yes
ac_cv_host=x86_64-unknown-linux-gnu
ac_cv_lib_m_main=yes
ac_cv_libbabeltrace=no
ac_cv_libexpat=no
ac_cv_liblzma=no
ac_cv_member_struct_reg_r_fs=no
ac_cv_member_struct_reg_r_gs=no
ac_cv_member_struct_sockaddr_un_sun_len=no
ac_cv_member_struct_stat_st_blksize=yes
ac_cv_member_struct_stat_st_blocks=yes
ac_cv_member_struct_thread_td_pcb=no
ac_cv_member_struct_user_regs_struct_fs_base=yes
ac_cv_member_struct_user_regs_struct_gs_base=yes
ac_cv_objext=o
ac_cv_path_EGREP='/bin/grep -E'
ac_cv_path_GREP=/bin/grep
ac_cv_path_pkg_config_prog_path=/usr/bin/pkg-config
ac_cv_path_python_prog_path=/usr/bin/python
ac_cv_prog_AR=ar
ac_cv_prog_AWK=mawk
ac_cv_prog_CC='gcc -std=gnu89'
ac_cv_prog_CPP='gcc -std=gnu89 -E'
ac_cv_prog_DLLTOOL=dlltool
ac_cv_prog_MAKE=make
ac_cv_prog_RANLIB=ranlib
ac_cv_prog_WINDRES=windres
ac_cv_prog_YACC='/home/account3/os161/toolbuild/gdb-7.8+os161-2.1/missing bison -y'
ac_cv_prog_cc_c89=
ac_cv_prog_cc_g=yes
ac_cv_prog_make_make_set=yes
ac_cv_safe_to_define___extensions__=yes
ac_cv_search_dlgetmodinfo=no
ac_cv_search_dlopen=-ldl
ac_cv_search_gethostbyname='none required'
ac_cv_search_socketpair='none required'
ac_cv_search_tgetent='none required'
ac_cv_search_waddstr=-lncurses
ac_cv_search_zlibVersion=no
ac_cv_sizeof_unsigned___int128=16
ac_cv_sizeof_unsigned_long=8
ac_cv_sizeof_unsigned_long_long=8
ac_cv_sys_file_offset_bits=no
ac_cv_sys_largefile_CC=no
ac_cv_target=mips-harvard-os161
ac_cv_type_pid_t=yes
ac_cv_type_signal=void
ac_cv_type_socklen_t=yes
ac_cv_var__etext=yes
ac_cv_var_etext=yes
ac_cv_working_alloca_h=yes
acl_cv_hardcode_direct=no
acl_cv_hardcode_libdir_flag_spec='${wl}-rpath ${wl}$libdir'
acl_cv_hardcode_libdir_separator=
acl_cv_hardcode_minus_L=no
acl_cv_libext=a
acl_cv_path_LD=ld
acl_cv_prog_gnu_ld=yes
acl_cv_rpath=done
acl_cv_shlibext=so
acl_cv_wl=-Wl,
am_cv_CC_dependencies_compiler_type=gcc3
am_cv_build_libiconv_path=
am_cv_func_iconv=yes
am_cv_langinfo_codeset=yes
am_cv_lib_iconv=no
am_cv_prog_cc_stdc=
am_cv_proto_iconv='extern size_t iconv (iconv_t cd, char * *inbuf, size_t *inbytesleft, char * *outbuf, size_t *outbytesleft);'
am_cv_proto_iconv_arg1=
am_cv_use_build_libiconv=no
am_cv_val_LC_MESSAGES=yes
bfd_cv_have_sys_procfs_type_fpregset_t=no
bfd_cv_have_sys_procfs_type_gregset_t=no
bfd_cv_have_sys_procfs_type_lwpid_t=yes
bfd_cv_have_sys_procfs_type_pr_sigaction64_t=no
bfd_cv_have_sys_procfs_type_pr_siginfo64_t=no
bfd_cv_have_sys_procfs_type_pr_sigset_t=no
bfd_cv_have_sys_procfs_type_prfpregset_t=yes
bfd_cv_have_sys_procfs_type_prgregset32_t=no
bfd_cv_have_sys_procfs_type_prgregset_t=yes
bfd_cv_have_sys_procfs_type_prsysent_t=no
bfd_cv_have_sys_procfs_type_psaddr_t=yes
gdb_cv_c_long_double=yes
gdb_cv_c_long_long=yes
gdb_cv_func_ptrace_args=int,int,long,long
gdb_cv_func_ptrace_ret=long
gdb_cv_func_sigsetjmp=yes
gdb_cv_have_gnu_regex=yes
gdb_cv_have_makeinfo_click=no
gdb_cv_have_pt_getdbregs=no
gdb_cv_have_pt_getxmmregs=no
gdb_cv_have_ptrace_getfpxregs=yes
gdb_cv_have_ptrace_getregs=yes
gdb_cv_os_cygwin=no
gdb_cv_prfpregset_t_broken=no
gdb_cv_printf_has_decfloat=no
gdb_cv_printf_has_long_double=yes
gdb_cv_printf_has_long_long=yes
gdb_cv_scanf_has_long_double=yes
gdb_cv_struct_lwp=no
gdb_cv_struct_reg=no
gdb_cv_sys_syscall_h_has_tkill=yes
gdb_cv_thread_db_h_has_td_notalloc=yes
gdb_cv_thread_db_h_has_td_notls=yes
gdb_cv_thread_db_h_has_td_version=yes
gdb_cv_var_elf=yes
gdb_cv_var_macho=no
gdb_cv_var_som=no

## ----------------- ##
## Output variables. ##
## ----------------- ##

ALLOCA=''
AR='ar'
AWK='mawk'
CATALOGS=''
CATOBJEXT='.gmo'
CC='gcc -std=gnu89'
CCDEPMODE='depmode=gcc3'
CFLAGS='-g -O2'
CONFIG_ALL=' all-po'
CONFIG_CLEAN=' clean-po'
CONFIG_DEPS=' $(SUBDIR_CLI_DEPS) $(SUBDIR_MI_DEPS) $(SUBDIR_TUI_DEPS)'
CONFIG_INSTALL=' install-po'
CONFIG_LDFLAGS=''
CONFIG_OBS=' $(SUBDIR_CLI_OBS) $(SUBDIR_MI_OBS) $(SUBDIR_TUI_OBS) python.o guile.o elfread.o stap-probe.o posix-hdep.o'
CONFIG_SRCS=' $(SUBDIR_CLI_SRCS) $(SUBDIR_MI_SRCS) $(SUBDIR_TUI_SRCS) python/python.c guile/guile.c'
CONFIG_UNINSTALL=' uninstall-po'
CPP='gcc -std=gnu89 -E'
CPPFLAGS=' '
DATADIRNAME='share'
DEBUGDIR='${exec_prefix}/lib/debug'
DEFS='-DHAVE_CONFIG_H'
DEPDIR='.deps'
DLLTOOL='dlltool'
ECHO_C=''
ECHO_N='-n'
ECHO_T=''
EGREP='/bin/grep -E'
ENABLE_CFLAGS=' $(SUBDIR_CLI_CFLAGS) $(SUBDIR_MI_CFLAGS) $(SUBDIR_TUI_CFLAGS)'
EXEEXT=''
GCORE_TRANSFORM_NAME='mips-harvard-os161-gcore'
GDBTKLIBS=''
GDBTK_CFLAGS=''
GDBTK_SRC_DIR=''
GDB_DATADIR='${datarootdir}/gdb'
GDB_NM_FILE=''
GDB_TRANSFORM_NAME='mips-harvard-os161-gdb'
GENCAT='gencat'
GMAKE_FALSE='#'
GMAKE_TRUE=''
GMSGFMT='/usr/bin/msgfmt'
GNULIB_STDINT_H=''
GREP='/bin/grep'
GUILD=''
GUILD_TARGET_FLAG=''
GUILE_CPPFLAGS=''
GUILE_LIBS=''
GUI_CFLAGS_X='-I./../libgui/src'
HAVE_GUILE_FALSE=''
HAVE_GUILE_TRUE='#'
HAVE_LIBBABELTRACE='no'
HAVE_LIBEXPAT='no'
HAVE_LIBLZMA='no'
HAVE_NATIVE_GCORE_TARGET=''
HAVE_PYTHON_FALSE=''
HAVE_PYTHON_TRUE='#'
INCINTL=''
INSTALL_DATA='/usr/bin/install -c -m 644'
INSTALL_PROGRAM='/usr/bin/install -c'
INSTALL_SCRIPT='/usr/bin/install -c'
INSTALL_STRIP_PROGRAM='$(install_sh) -c -s'
INSTOBJEXT='.mo'
JIT_READER_DIR='${exec_prefix}/lib/gdb'
LDFLAGS='-static-libstdc++ -static-libgcc '
LIBBABELTRACE=''
LIBEXPAT=''
LIBGUI='../libgui/src/libgui.a'
LIBINTL=''
LIBINTL_DEP=''
LIBLZMA=''
LIBOBJS=''
LIBS='-ldl -lncurses -lm   '
LN_S='ln -s'
LTLIBBABELTRACE=''
LTLIBEXPAT=''
LTLIBLZMA=''
LTLIBOBJS=''
MAINT='#'
MAINTAINER_MODE_FALSE=''
MAINTAINER_MODE_TRUE='#'
MAKE='make'
MAKEINFO='/home/account3/os161/toolbuild/gdb-7.8+os161-2.1/missing makeinfo --split-size=5000000'
MAKEINFOFLAGS=''
MAKEINFO_EXTRA_FLAGS=''
MIG=''
OBJEXT='o'
PACKAGE='gdb'
PACKAGE_BUGREPORT=''
PACKAGE_NAME=''
PACKAGE_STRING=''
PACKAGE_TARNAME=''
PACKAGE_URL=''
PACKAGE_VERSION=''
PATH_SEPARATOR=':'
PKGVERSION='(GDB) '
POSUB='po'
PROFILE_CFLAGS=''
PYTHON_CFLAGS=''
PYTHON_CPPFLAGS=''
PYTHON_LIBS=''
RANLIB='ranlib'
RDYNAMIC='-rdynamic'
READLINE='$(READLINE_DIR)/libreadline.a'
READLINE_CFLAGS='-I$(READLINE_SRC)/..'
READLINE_DEPS='$(READLINE)'
READLINE_TEXI_INCFLAG='-I $(READLINE_DIR)'
REPORT_BUGS_TEXI='@uref{http://www.gnu.org/software/gdb/bugs/}'
REPORT_BUGS_TO='<http://www.gnu.org/software/gdb/bugs/>'
SER_HARDWIRE='ser-base.o ser-unix.o ser-pipe.o ser-tcp.o'
SET_MAKE=''
SHELL='/bin/bash'
SIM='../sim/mips/libsim.a'
SIM_OBS='remote-sim.o'
STRIP=''
SYSTEM_GDBINIT=''
TARGET_OBS=' mips-tdep.o mips-os161-tdep.o solib-svr4.o nbsd-tdep.o'
TARGET_PTR='unsigned long'
TARGET_SYSTEM_ROOT=''
TCL_BIN_DIR=''
TCL_DEPS=''
TCL_INCLUDE=''
TCL_LIBRARY=''
TCL_LIB_FILE=''
TCL_LIB_FLAG=''
TCL_LIB_SPEC=''
TCL_PATCH_LEVEL=''
TCL_SRC_DIR=''
TCL_STUB_LIB_FILE=''
TCL_STUB_LIB_FLAG=''
TCL_STUB_LIB_SPEC=''
TCL_VERSION=''
TK_BIN_DIR=''
TK_DEPS=''
TK_INCLUDE=''
TK_LIBRARY=''
TK_LIB_FILE=''
TK_LIB_FLAG=''
TK_LIB_SPEC=''
TK_SRC_DIR=''
TK_STUB_LIB_FILE=''
TK_STUB_LIB_FLAG=''
TK_STUB_LIB_SPEC=''
TK_VERSION=''
TK_XINCLUDES=''
USE_NLS='yes'
WARN_CFLAGS=' -Wall -Wdeclaration-after-statement -Wpointer-arith -Wpointer-sign -Wno-unused -Wunused-value -Wunused-function -Wno-switch -Wno-char-subscripts -Wmissing-prototypes -Wdeclaration-after-statement -Wempty-body -Wmissing-parameter-type -Wold-style-declaration -Wold-style-definition -Wformat-nonliteral'
WERROR_CFLAGS=''
WIN32LDAPP=''
WIN32LIBS=''
WINDRES='windres'
XGETTEXT='/usr/bin/xgettext'
XMKMF=''
X_CFLAGS=''
X_LDFLAGS=''
X_LIBS=''
YACC='/home/account3/os161/toolbuild/gdb-7.8+os161-2.1/missing bison -y'
YFLAGS=''
ac_ct_CC=''
am__leading_dot='.'
bindir='${exec_prefix}/bin'
build='x86_64-unknown-linux-gnu'
build_alias='x86_64-unknown-linux-gnu'
build_cpu='x86_64'
build_os='linux-gnu'
build_vendor='unknown'
datadir='${datarootdir}'
datarootdir='${prefix}/share'
docdir='${datarootdir}/doc/${PACKAGE}'
dvidir='${docdir}'
exec_prefix='${prefix}'
frags=''
host='x86_64-unknown-linux-gnu'
host_alias='x86_64-unknown-linux-gnu'
host_cpu='x86_64'
host_os='linux-gnu'
host_vendor='unknown'
htmldir='${docdir}'
includedir='${prefix}/include'
infodir='${datarootdir}/info'
install_sh='${SHELL} /home/account3/os161/toolbuild/gdb-7.8+os161-2.1/install-sh'
libdir='${exec_prefix}/lib'
libexecdir='${exec_prefix}/libexec'
localedir='${datadir}/locale'
localstatedir='${prefix}/var'
mandir='${datarootdir}/man'
oldincludedir='/usr/include'
pdfdir='${docdir}'
pkg_config_prog_path='/usr/bin/pkg-config'
prefix='/home/account3/os161/tools'
program_transform_name='s&^&mips-harvard-os161-&'
psdir='${docdir}'
python_prog_path='/usr/bin/python'
sbindir='${exec_prefix}/sbin'
sharedstatedir='${prefix}/com'
subdirs=' testsuite'
sysconfdir='${prefix}/etc'
target='mips-harvard-os161'
target_alias='mips-harvard-os161'
target_cpu='mips'
target_os='os161'
target_subdir='mips-harvard-os161/'
target_vendor='harvard'

## ------------------- ##
## File substitutions. ##
## ------------------- ##

host_makefile_frag='/dev/null'

## ----------- ##
## confdefs.h. ##
## ----------- ##

/* confdefs.h */
#define PACKAGE_NAME ""
#define PACKAGE_TARNAME ""
#define PACKAGE_VERSION ""
#define PACKAGE_STRING ""
#define PACKAGE_BUGREPORT ""
#define PACKAGE_URL ""
#define STDC_HEADERS 1
#define HAVE_SYS_TYPES_H 1
#define HAVE_SYS_STAT_H 1
#define HAVE_STDLIB_H 1
#define HAVE_STRING_H 1
#define HAVE_MEMORY_H 1
#define HAVE_STRINGS_H 1
#define HAVE_INTTYPES_H 1
#define HAVE_STDINT_H 1
#define HAVE_UNISTD_H 1
#define __EXTENSIONS__ 1
#define _ALL_SOURCE 1
#define _GNU_SOURCE 1
#define _POSIX_PTHREAD_SEMANTICS 1
#define _TANDEM_SOURCE 1
#define ENABLE_NLS 1
#define PACKAGE "gdb"
#define DEBUGDIR "/home/account3/os161/tools/lib/debug"
#define DEBUGDIR_RELOCATABLE 1
#define BINDIR "/home/account3/os161/tools/bin"
#define GDB_DATADIR "/home/account3/os161/tools/share/gdb"
#define GDB_DATADIR_RELOCATABLE 1
#define AUTO_LOAD_DIR "$debugdir:$datadir/auto-load"
#define AUTO_LOAD_SAFE_PATH "$debugdir:$datadir/auto-load"
#define DEFAULT_BFD_ARCH bfd_mips_arch
#define DEFAULT_BFD_VEC mips_elf32_trad_be_vec
#define HAVE_MONSTARTUP 1
#define HAVE__MCLEANUP 1
#define HAVE__ETEXT 1
#define HAVE_ETEXT 1
#define PKGVERSION "(GDB) "
#define REPORT_BUGS_TO "<http://www.gnu.org/software/gdb/bugs/>"
#define HAVE_LIBM 1
#define HAVE_ICONV 1
#define ICONV_CONST 
#define SIZEOF_UNSIGNED_LONG_LONG 8
#define SIZEOF_UNSIGNED_LONG 8
#define SIZEOF_UNSIGNED___INT128 16
#define JIT_READER_DIR "/home/account3/os161/tools/lib/gdb"
#define JIT_READER_DIR_RELOCATABLE 1
#define HAVE_SETENV 1
#define STDC_HEADERS 1
#define HAVE_POLL_H 1
#define HAVE_SYS_POLL_H 1
#define HAVE_THREAD_DB_H 1
#define HAVE_SYS_FILE_H 1
#define HAVE_SYS_IOCTL_H 1
#define HAVE_SYS_PARAM_H 1
#define HAVE_SYS_RESOURCE_H 1
#define HAVE_SYS_PROCFS_H 1
#define HAVE_SYS_PTRACE_H 1
#define HAVE_SYS_REG_H 1
#define HAVE_SYS_DEBUGREG_H 1
#define HAVE_SYS_SELECT_H 1
#define HAVE_SYS_SYSCALL_H 1
#define HAVE_SYS_UN_H 1
#define HAVE_TERMIOS_H 1
#define HAVE_TERMIO_H 1
#define HAVE_SGTTY_H 1
#define HAVE_DLFCN_H 1
#define HAVE_SYS_USER_H 1
#define HAVE_CURSES_H 1
#define HAVE_NCURSES_H 1
#define HAVE_TERM_H 1
#define HAVE_DECL_FREE 1
#define HAVE_DECL_MALLOC 1
#define HAVE_DECL_REALLOC 1
#define HAVE_DECL_SNPRINTF 1
#define HAVE_LC_MESSAGES 1
#define HAVE_STRUCT_STAT_ST_BLOCKS 1
#define HAVE_STRUCT_STAT_ST_BLKSIZE 1
#define RETSIGTYPE void
#define HAVE_SOCKLEN_T 1
#define HAVE_ALLOCA_H 1
#define HAVE_ALLOCA 1
#define HAVE_STDLIB_H 1
#define HAVE_UNISTD_H 1
#define HAVE_GETPAGESIZE 1
#define HAVE_MMAP 1
#define HAVE_FORK 1
#define HAVE_VFORK 1
#define HAVE_WORKING_VFORK 1
#define HAVE_WORKING_FORK 1
#define HAVE_CANONICALIZE_FILE_NAME 1
#define HAVE_REALPATH 1
#define HAVE_GETRUSAGE 1
#define HAVE_GETUID 1
#define HAVE_GETGID 1
#define HAVE_PIPE 1
#define HAVE_POLL 1
#define HAVE_PREAD 1
#define HAVE_PREAD64 1
#define HAVE_PWRITE 1
#define HAVE_READLINK 1
#define HAVE_RESIZE_TERM 1
#define HAVE_SBRK 1
#define HAVE_SETPGID 1
#define HAVE_SETPGRP 1
#define HAVE_SETSID 1
#define HAVE_SIGACTION 1
#define HAVE_SIGPROCMASK 1
#define HAVE_SIGSETMASK 1
#define HAVE_SOCKETPAIR 1
#define HAVE_WBORDER 1
#define HAVE_WRESIZE 1
#define HAVE_SETLOCALE 1
#define HAVE_BTOWC 1
#define HAVE_SETRLIMIT 1
#define HAVE_GETRLIMIT 1
#define HAVE_POSIX_MADVISE 1
#define HAVE_WAITPID 1
#define HAVE_LSTAT 1
#define HAVE_LANGINFO_CODESET 1
#define STDC_HEADERS 1
#define HAVE_ALLOCA_H 1
#define HAVE_ALLOCA 1
#define HAVE_LANGINFO_CODESET 1
#define HAVE_LINUX_PERF_EVENT_H 1
#define HAVE_LOCALE_H 1
#define HAVE_MEMORY_H 1
#define HAVE_SIGNAL_H 1
#define HAVE_SYS_RESOURCE_H 1
#define HAVE_SYS_SOCKET_H 1
#define HAVE_SYS_SYSCALL_H 1
#define HAVE_SYS_UN_H 1
#define HAVE_SYS_WAIT_H 1
#define HAVE_THREAD_DB_H 1
#define HAVE_WAIT_H 1
#define HAVE_GETRLIMIT 1
#define HAVE_PIPE 1
#define HAVE_PIPE2 1
#define HAVE_SOCKETPAIR 1
#define HAVE_DECL_STRERROR 1
#define HAVE_DECL_STRSTR 1
#define HAVE_DECL_PTRACE 1
#define PTRACE_TYPE_RET long
#define PTRACE_TYPE_ARG3 long
#define PTRACE_TYPE_ARG4 long
#define SETPGRP_VOID 1
#define HAVE_SIGSETJMP 1
#define HAVE_STRUCT_USER_REGS_STRUCT_FS_BASE 1
#define HAVE_STRUCT_USER_REGS_STRUCT_GS_BASE 1
#define HAVE_PTRACE_GETREGS 1
#define HAVE_PTRACE_GETFPXREGS 1
#define HAVE_PRGREGSET_T 1
#define HAVE_PRFPREGSET_T 1
#define HAVE_LWPID_T 1
#define HAVE_PSADDR_T 1
#define PRINTF_HAS_LONG_LONG 1
#define HAVE_LONG_DOUBLE 1
#define PRINTF_HAS_LONG_DOUBLE 1
#define SCANF_HAS_LONG_DOUBLE 1
#define THREAD_DB_HAS_TD_NOTALLOC 1
#define THREAD_DB_HAS_TD_VERSION 1
#define THREAD_DB_HAS_TD_NOTLS 1
#define HAVE_TKILL_SYSCALL 1
#define HAVE_DECL_ADDR_NO_RANDOMIZE 1
#define HAVE_PERSONALITY 1
#define GDBINIT ".gdbinit"
#define TARGET_SYSTEM_ROOT ""
#define TARGET_SYSTEM_ROOT_RELOCATABLE 0
#define SYSTEM_GDBINIT ""
#define SYSTEM_GDBINIT_RELOCATABLE 0
#define HAVE_ELF 1
#define WITH_SIM 1
#define GDB_HOST_FLOAT_FORMAT 0
#define GDB_HOST_DOUBLE_FORMAT 0
#define GDB_HOST_LONG_DOUBLE_FORMAT 0
#define GDB_OSABI_DEFAULT GDB_OSABI_OS161
#define GDB_DEFAULT_HOST_CHARSET "UTF-8"

configure: exit 0

## ---------------------- ##
## Running config.status. ##
## ---------------------- ##

This file was extended by config.status, which was
generated by GNU Autoconf 2.64.  Invocation command line was

  CONFIG_FILES    = 
  CONFIG_HEADERS  = config.h:config.in
  CONFIG_LINKS    = 
  CONFIG_COMMANDS = default depdir
  $ config.status 

on COP4610-11-Precision-Tower-5810

config.status:1160: creating config.h
config.status:1331: config.h is unchanged
config.status:1376: executing default commands
config.status:1376: executing depdir commands
